[   578.408] 
X.Org X Server 1.19.1
Release Date: 2017-01-11
[   578.413] X Protocol Version 11, Revision 0
[   578.414] Build Operating System: Linux 4.8.14-1-ARCH x86_64 
[   578.416] Current Operating System: Linux chbook 4.9.11-1-ARCH #1 SMP PREEMPT Sun Feb 19 13:45:52 UTC 2017 x86_64
[   578.416] Kernel command line: BOOT_IMAGE=/boot/vmlinuz-linux root=UUID=8fbe79ba-2882-4f0b-9459-34922354bd26 rw quiet
[   578.418] Build Date: 14 February 2017  03:36:07AM
[   578.419]  
[   578.420] Current version of pixman: 0.34.0
[   578.423] 	Before reporting problems, check http://wiki.x.org
	to make sure that you have the latest version.
[   578.423] Markers: (--) probed, (**) from config file, (==) default setting,
	(++) from command line, (!!) notice, (II) informational,
	(WW) warning, (EE) error, (NI) not implemented, (??) unknown.
[   578.428] (==) Log file: "/home/cory/.local/share/xorg/Xorg.1.log", Time: Wed Feb 22 05:11:18 2017
[   578.429] (==) Using system config directory "/usr/share/X11/xorg.conf.d"
[   578.429] (==) No Layout section.  Using the first Screen section.
[   578.429] (==) No screen section available. Using defaults.
[   578.429] (**) |-->Screen "Default Screen Section" (0)
[   578.429] (**) |   |-->Monitor "<default monitor>"
[   578.430] (==) No monitor specified for screen "Default Screen Section".
	Using a default monitor configuration.
[   578.430] (==) Automatically adding devices
[   578.430] (==) Automatically enabling devices
[   578.430] (==) Automatically adding GPU devices
[   578.430] (==) Max clients allowed: 256, resource mask: 0x1fffff
[   578.430] (WW) The directory "/usr/share/fonts/Type1/" does not exist.
[   578.430] 	Entry deleted from font path.
[   578.430] (==) FontPath set to:
	/usr/share/fonts/misc/,
	/usr/share/fonts/TTF/,
	/usr/share/fonts/OTF/,
	/usr/share/fonts/100dpi/,
	/usr/share/fonts/75dpi/
[   578.430] (==) ModulePath set to "/usr/lib/xorg/modules"
[   578.430] (II) The server relies on udev to provide the list of input devices.
	If no devices become available, reconfigure udev or disable AutoAddDevices.
[   578.430] (II) Loader magic: 0x822d60
[   578.430] (II) Module ABI versions:
[   578.430] 	X.Org ANSI C Emulation: 0.4
[   578.430] 	X.Org Video Driver: 23.0
[   578.430] 	X.Org XInput driver : 24.1
[   578.430] 	X.Org Server Extension : 10.0
[   578.431] (II) systemd-logind: took control of session /org/freedesktop/login1/session/c1
[   578.432] (II) xfree86: Adding drm device (/dev/dri/card0)
[   578.432] (II) systemd-logind: got fd for /dev/dri/card0 226:0 fd 11 paused 0
[   578.433] (--) PCI:*(0:0:2:0) 8086:1616:8086:1616 rev 9, Mem @ 0xe0000000/16777216, 0xd0000000/268435456, I/O @ 0x00001800/64, BIOS @ 0x????????/131072
[   578.433] (WW) Open ACPI failed (/var/run/acpid.socket) (No such file or directory)
[   578.433] (II) LoadModule: "glx"
[   578.433] (II) Loading /usr/lib/xorg/modules/extensions/libglx.so
[   578.434] (II) Module glx: vendor="X.Org Foundation"
[   578.434] 	compiled for 1.19.1, module version = 1.0.0
[   578.434] 	ABI class: X.Org Server Extension, version 10.0
[   578.434] (==) Matched intel as autoconfigured driver 0
[   578.434] (==) Matched intel as autoconfigured driver 1
[   578.434] (==) Matched modesetting as autoconfigured driver 2
[   578.434] (==) Matched fbdev as autoconfigured driver 3
[   578.434] (==) Matched vesa as autoconfigured driver 4
[   578.434] (==) Assigned the driver to the xf86ConfigLayout
[   578.434] (II) LoadModule: "intel"
[   578.434] (WW) Warning, couldn't open module intel
[   578.434] (II) UnloadModule: "intel"
[   578.434] (II) Unloading intel
[   578.434] (EE) Failed to load module "intel" (module does not exist, 0)
[   578.434] (II) LoadModule: "modesetting"
[   578.435] (II) Loading /usr/lib/xorg/modules/drivers/modesetting_drv.so
[   578.435] (II) Module modesetting: vendor="X.Org Foundation"
[   578.435] 	compiled for 1.19.1, module version = 1.19.1
[   578.435] 	Module class: X.Org Video Driver
[   578.435] 	ABI class: X.Org Video Driver, version 23.0
[   578.435] (II) LoadModule: "fbdev"
[   578.435] (WW) Warning, couldn't open module fbdev
[   578.435] (II) UnloadModule: "fbdev"
[   578.435] (II) Unloading fbdev
[   578.435] (EE) Failed to load module "fbdev" (module does not exist, 0)
[   578.435] (II) LoadModule: "vesa"
[   578.435] (II) Loading /usr/lib/xorg/modules/drivers/vesa_drv.so
[   578.435] (II) Module vesa: vendor="X.Org Foundation"
[   578.435] 	compiled for 1.19.0, module version = 2.3.4
[   578.435] 	Module class: X.Org Video Driver
[   578.435] 	ABI class: X.Org Video Driver, version 23.0
[   578.435] (II) modesetting: Driver for Modesetting Kernel Drivers: kms
[   578.435] (II) VESA: driver for VESA chipsets: vesa
[   578.435] (EE) 
Fatal server error:
[   578.435] (EE) parse_vt_settings: Cannot open /dev/tty0 (Permission denied)
[   578.435] (EE) 
[   578.435] (EE) 
Please consult the The X.Org Foundation support 
	 at http://wiki.x.org
 for help. 
[   578.435] (EE) Please also check the log file at "/home/cory/.local/share/xorg/Xorg.1.log" for additional information.
[   578.435] (EE) 
[   578.435] (WW) xf86CloseConsole: KDSETMODE failed: Bad file descriptor
[   578.435] (WW) xf86CloseConsole: VT_GETMODE failed: Bad file descriptor
[   578.482] (EE) Server terminated with error (1). Closing log file.
