[   702.602] 
X.Org X Server 1.19.1
Release Date: 2017-01-11
[   702.606] X Protocol Version 11, Revision 0
[   702.608] Build Operating System: Linux 4.8.14-1-ARCH x86_64 
[   702.609] Current Operating System: Linux chbook 4.9.11-1-ARCH #1 SMP PREEMPT Sun Feb 19 13:45:52 UTC 2017 x86_64
[   702.609] Kernel command line: BOOT_IMAGE=/boot/vmlinuz-linux root=UUID=8fbe79ba-2882-4f0b-9459-34922354bd26 rw quiet
[   702.612] Build Date: 14 February 2017  03:36:07AM
[   702.613]  
[   702.614] Current version of pixman: 0.34.0
[   702.616] 	Before reporting problems, check http://wiki.x.org
	to make sure that you have the latest version.
[   702.616] Markers: (--) probed, (**) from config file, (==) default setting,
	(++) from command line, (!!) notice, (II) informational,
	(WW) warning, (EE) error, (NI) not implemented, (??) unknown.
[   702.623] (==) Log file: "/home/cory/.local/share/xorg/Xorg.0.log", Time: Wed Feb 22 11:41:33 2017
[   702.625] (==) Using config file: "/etc/X11/xorg.conf"
[   702.626] (==) Using config directory: "/etc/X11/xorg.conf.d"
[   702.627] (==) Using system config directory "/usr/share/X11/xorg.conf.d"
[   702.628] (==) ServerLayout "X.org Configured"
[   702.628] (**) |-->Screen "Screen0" (0)
[   702.628] (**) |   |-->Monitor "Monitor0"
[   702.628] (**) |   |-->Device "Card0"
[   702.628] (**) |-->Input Device "Mouse0"
[   702.628] (**) |-->Input Device "Keyboard0"
[   702.628] (==) Automatically adding devices
[   702.628] (==) Automatically enabling devices
[   702.628] (==) Automatically adding GPU devices
[   702.628] (==) Max clients allowed: 256, resource mask: 0x1fffff
[   702.628] (WW) The directory "/usr/share/fonts/Type1/" does not exist.
[   702.628] 	Entry deleted from font path.
[   702.628] (WW) The directory "/usr/share/fonts/Type1/" does not exist.
[   702.628] 	Entry deleted from font path.
[   702.628] (**) FontPath set to:
	/usr/share/fonts/misc/,
	/usr/share/fonts/TTF/,
	/usr/share/fonts/OTF/,
	/usr/share/fonts/100dpi/,
	/usr/share/fonts/75dpi/,
	/usr/share/fonts/misc/,
	/usr/share/fonts/TTF/,
	/usr/share/fonts/OTF/,
	/usr/share/fonts/100dpi/,
	/usr/share/fonts/75dpi/
[   702.628] (**) ModulePath set to "/usr/lib/xorg/modules"
[   702.628] (WW) Hotplugging is on, devices using drivers 'kbd', 'mouse' or 'vmmouse' will be disabled.
[   702.628] (WW) Disabling Mouse0
[   702.628] (WW) Disabling Keyboard0
[   702.628] (II) Loader magic: 0x822d60
[   702.628] (II) Module ABI versions:
[   702.628] 	X.Org ANSI C Emulation: 0.4
[   702.628] 	X.Org Video Driver: 23.0
[   702.628] 	X.Org XInput driver : 24.1
[   702.628] 	X.Org Server Extension : 10.0
[   702.628] (++) using VT number 1

[   702.628] (--) controlling tty is VT number 1, auto-enabling KeepTty
[   702.630] (II) systemd-logind: took control of session /org/freedesktop/login1/session/c1
[   702.630] (II) xfree86: Adding drm device (/dev/dri/card0)
[   702.631] (II) systemd-logind: got fd for /dev/dri/card0 226:0 fd 11 paused 0
[   702.632] (--) PCI:*(0:0:2:0) 8086:1616:8086:1616 rev 9, Mem @ 0xe0000000/16777216, 0xd0000000/268435456, I/O @ 0x00001800/64, BIOS @ 0x????????/131072
[   702.632] (WW) Open ACPI failed (/var/run/acpid.socket) (No such file or directory)
[   702.632] (II) "glx" will be loaded. This was enabled by default and also specified in the config file.
[   702.632] (II) LoadModule: "glx"
[   702.632] (II) Loading /usr/lib/xorg/modules/extensions/libglx.so
[   702.633] (II) Module glx: vendor="X.Org Foundation"
[   702.633] 	compiled for 1.19.1, module version = 1.0.0
[   702.633] 	ABI class: X.Org Server Extension, version 10.0
[   702.633] (II) LoadModule: "intel"
[   702.633] (II) Loading /usr/lib/xorg/modules/drivers/intel_drv.so
[   702.633] (II) Module intel: vendor="X.Org Foundation"
[   702.633] 	compiled for 1.19.1, module version = 2.99.917
[   702.633] 	Module class: X.Org Video Driver
[   702.633] 	ABI class: X.Org Video Driver, version 23.0
[   702.633] (II) intel: Driver for Intel(R) Integrated Graphics Chipsets:
	i810, i810-dc100, i810e, i815, i830M, 845G, 854, 852GM/855GM, 865G,
	915G, E7221 (i915), 915GM, 945G, 945GM, 945GME, Pineview GM,
	Pineview G, 965G, G35, 965Q, 946GZ, 965GM, 965GME/GLE, G33, Q35, Q33,
	GM45, 4 Series, G45/G43, Q45/Q43, G41, B43
[   702.633] (II) intel: Driver for Intel(R) HD Graphics
[   702.633] (II) intel: Driver for Intel(R) Iris(TM) Graphics
[   702.633] (II) intel: Driver for Intel(R) Iris(TM) Pro Graphics
[   702.633] xf86EnableIOPorts: failed to set IOPL for I/O (Operation not permitted)
[   702.633] (II) intel(0): Using Kernel Mode Setting driver: i915, version 1.6.0 20160919
[   702.633] (II) intel(0): SNA compiled from 2.99.917-757-g93942b7d
[   702.633] (WW) VGA arbiter: cannot open kernel arbiter, no multi-card support
[   702.634] (--) intel(0): Integrated Graphics Chipset: Intel(R) HD Graphics 5500
[   702.634] (--) intel(0): CPU: x86-64, sse2, sse3, ssse3, sse4.1, sse4.2, avx, avx2; using a maximum of 2 threads
[   702.634] (==) intel(0): Depth 24, (--) framebuffer bpp 32
[   702.634] (==) intel(0): RGB weight 888
[   702.634] (==) intel(0): Default visual is TrueColor
[   702.634] (**) intel(0): Option "Backlight" "intel_backlight"
[   702.634] (II) intel(0): Output eDP1 using monitor section Monitor0
[   702.634] (**) intel(0): Found backlight control interface intel_backlight (type 'raw') for output eDP1
[   702.634] (II) intel(0): Enabled output eDP1
[   702.634] (II) intel(0): Output DP1 has no monitor section
[   702.634] (II) intel(0): Enabled output DP1
[   702.634] (II) intel(0): Output HDMI1 has no monitor section
[   702.635] (II) intel(0): Enabled output HDMI1
[   702.635] (--) intel(0): Using a maximum size of 256x256 for hardware cursors
[   702.635] (II) intel(0): Output VIRTUAL1 has no monitor section
[   702.635] (II) intel(0): Enabled output VIRTUAL1
[   702.635] (--) intel(0): Output eDP1 using initial mode 1920x1080 on pipe 0
[   702.635] (==) intel(0): TearFree disabled
[   702.635] (==) intel(0): Using gamma correction (1.0, 1.0, 1.0)
[   702.635] (==) intel(0): DPI set to (96, 96)
[   702.635] (II) Loading sub module "dri3"
[   702.635] (II) LoadModule: "dri3"
[   702.635] (II) Module "dri3" already built-in
[   702.635] (II) Loading sub module "dri2"
[   702.635] (II) LoadModule: "dri2"
[   702.635] (II) Module "dri2" already built-in
[   702.635] (II) Loading sub module "present"
[   702.635] (II) LoadModule: "present"
[   702.635] (II) Module "present" already built-in
[   702.635] (==) Depth 24 pixmap format is 32 bpp
[   702.635] (II) intel(0): SNA initialized with Broadwell (gen8) backend
[   702.635] (==) intel(0): Backing store enabled
[   702.635] (==) intel(0): Silken mouse enabled
[   702.635] (II) intel(0): HW Cursor enabled
[   702.635] (II) intel(0): RandR 1.2 enabled, ignore the following RandR disabled message.
[   702.635] (==) intel(0): DPMS enabled
[   702.635] (==) intel(0): Display hotplug detection enabled
[   702.635] (II) intel(0): [DRI2] Setup complete
[   702.635] (II) intel(0): [DRI2]   DRI driver: i965
[   702.635] (II) intel(0): [DRI2]   VDPAU driver: va_gl
[   702.635] (II) intel(0): direct rendering: DRI2 DRI3 enabled
[   702.635] (II) intel(0): hardware support for Present enabled
[   702.635] (--) RandR disabled
[   702.647] (II) AIGLX: enabled GLX_MESA_copy_sub_buffer
[   702.647] (II) AIGLX: enabled GLX_ARB_create_context
[   702.647] (II) AIGLX: enabled GLX_ARB_create_context_profile
[   702.647] (II) AIGLX: enabled GLX_EXT_create_context_es{,2}_profile
[   702.647] (II) AIGLX: enabled GLX_INTEL_swap_event
[   702.647] (II) AIGLX: enabled GLX_SGI_swap_control
[   702.647] (II) AIGLX: enabled GLX_EXT_framebuffer_sRGB
[   702.647] (II) AIGLX: enabled GLX_ARB_fbconfig_float
[   702.647] (II) AIGLX: enabled GLX_EXT_fbconfig_packed_float
[   702.647] (II) AIGLX: GLX_EXT_texture_from_pixmap backed by buffer objects
[   702.647] (II) AIGLX: enabled GLX_ARB_create_context_robustness
[   702.647] (II) AIGLX: Loaded and initialized i965
[   702.647] (II) GLX: Initialized DRI2 GL provider for screen 0
[   702.650] (II) intel(0): switch to mode 1920x1080@60.0 on eDP1 using pipe 0, position (0, 0), rotation normal, reflection none
[   702.664] (II) intel(0): Setting screen physical size to 508 x 285
[   702.781] (II) config/udev: Adding input device Power Button (/dev/input/event3)
[   702.781] (**) Power Button: Applying InputClass "libinput keyboard catchall"
[   702.781] (**) Power Button: Applying InputClass "system-keyboard"
[   702.781] (II) LoadModule: "libinput"
[   702.781] (II) Loading /usr/lib/xorg/modules/input/libinput_drv.so
[   702.782] (II) Module libinput: vendor="X.Org Foundation"
[   702.782] 	compiled for 1.19.1, module version = 0.24.0
[   702.782] 	Module class: X.Org XInput Driver
[   702.782] 	ABI class: X.Org XInput driver, version 24.1
[   702.782] (II) Using input driver 'libinput' for 'Power Button'
[   702.783] (II) systemd-logind: got fd for /dev/input/event3 13:67 fd 21 paused 0
[   702.783] (**) Power Button: always reports core events
[   702.783] (**) Option "Device" "/dev/input/event3"
[   702.783] (**) Option "_source" "server/udev"
[   702.783] (II) input device 'Power Button', /dev/input/event3 is tagged by udev as: Keyboard
[   702.783] (II) input device 'Power Button', /dev/input/event3 is a keyboard
[   702.783] (**) Option "config_info" "udev:/sys/devices/LNXSYSTM:00/LNXPWRBN:00/input/input3/event3"
[   702.783] (II) XINPUT: Adding extended input device "Power Button" (type: KEYBOARD, id 6)
[   702.783] (**) Option "xkb_model" "chromebook"
[   702.783] (**) Option "xkb_layout" "us"
[   702.802] (II) input device 'Power Button', /dev/input/event3 is tagged by udev as: Keyboard
[   702.802] (II) input device 'Power Button', /dev/input/event3 is a keyboard
[   702.802] (II) config/udev: Adding input device Power Button (/dev/input/event2)
[   702.802] (**) Power Button: Applying InputClass "libinput keyboard catchall"
[   702.802] (**) Power Button: Applying InputClass "system-keyboard"
[   702.802] (II) Using input driver 'libinput' for 'Power Button'
[   702.803] (II) systemd-logind: got fd for /dev/input/event2 13:66 fd 24 paused 0
[   702.803] (**) Power Button: always reports core events
[   702.803] (**) Option "Device" "/dev/input/event2"
[   702.803] (**) Option "_source" "server/udev"
[   702.803] (II) input device 'Power Button', /dev/input/event2 is tagged by udev as: Keyboard
[   702.803] (II) input device 'Power Button', /dev/input/event2 is a keyboard
[   702.803] (**) Option "config_info" "udev:/sys/devices/LNXSYSTM:00/LNXSYBUS:00/PNP0C0C:00/input/input2/event2"
[   702.803] (II) XINPUT: Adding extended input device "Power Button" (type: KEYBOARD, id 7)
[   702.803] (**) Option "xkb_model" "chromebook"
[   702.803] (**) Option "xkb_layout" "us"
[   702.804] (II) input device 'Power Button', /dev/input/event2 is tagged by udev as: Keyboard
[   702.804] (II) input device 'Power Button', /dev/input/event2 is a keyboard
[   702.804] (II) config/udev: Adding input device Lid Switch (/dev/input/event1)
[   702.804] (II) No input driver specified, ignoring this device.
[   702.804] (II) This device may have been added with another device file.
[   702.804] (II) config/udev: Adding input device HDA Intel HDMI HDMI/DP,pcm=8 (/dev/input/event10)
[   702.804] (II) No input driver specified, ignoring this device.
[   702.804] (II) This device may have been added with another device file.
[   702.804] (II) config/udev: Adding input device HDA Intel HDMI HDMI/DP,pcm=3 (/dev/input/event8)
[   702.804] (II) No input driver specified, ignoring this device.
[   702.804] (II) This device may have been added with another device file.
[   702.805] (II) config/udev: Adding input device HDA Intel HDMI HDMI/DP,pcm=7 (/dev/input/event9)
[   702.805] (II) No input driver specified, ignoring this device.
[   702.805] (II) This device may have been added with another device file.
[   702.805] (II) config/udev: Adding input device HD WebCam (/dev/input/event11)
[   702.805] (**) HD WebCam: Applying InputClass "libinput keyboard catchall"
[   702.805] (**) HD WebCam: Applying InputClass "system-keyboard"
[   702.805] (II) Using input driver 'libinput' for 'HD WebCam'
[   702.806] (II) systemd-logind: got fd for /dev/input/event11 13:75 fd 25 paused 0
[   702.806] (**) HD WebCam: always reports core events
[   702.806] (**) Option "Device" "/dev/input/event11"
[   702.806] (**) Option "_source" "server/udev"
[   702.806] (II) input device 'HD WebCam', /dev/input/event11 is tagged by udev as: Keyboard
[   702.806] (II) input device 'HD WebCam', /dev/input/event11 is a keyboard
[   702.806] (**) Option "config_info" "udev:/sys/devices/pci0000:00/0000:00:14.0/usb1/1-3/1-3:1.0/input/input11/event11"
[   702.806] (II) XINPUT: Adding extended input device "HD WebCam" (type: KEYBOARD, id 8)
[   702.806] (**) Option "xkb_model" "chromebook"
[   702.806] (**) Option "xkb_layout" "us"
[   702.806] (II) input device 'HD WebCam', /dev/input/event11 is tagged by udev as: Keyboard
[   702.806] (II) input device 'HD WebCam', /dev/input/event11 is a keyboard
[   702.807] (II) config/udev: Adding input device HDA Digital PCBeep (/dev/input/event5)
[   702.807] (II) No input driver specified, ignoring this device.
[   702.807] (II) This device may have been added with another device file.
[   702.807] (II) config/udev: Adding input device HDA Intel PCH Mic (/dev/input/event6)
[   702.807] (II) No input driver specified, ignoring this device.
[   702.807] (II) This device may have been added with another device file.
[   702.807] (II) config/udev: Adding input device HDA Intel PCH Headphone (/dev/input/event7)
[   702.807] (II) No input driver specified, ignoring this device.
[   702.807] (II) This device may have been added with another device file.
[   702.807] (II) config/udev: Adding input device Elan Touchpad (/dev/input/event12)
[   702.807] (**) Elan Touchpad: Applying InputClass "libinput touchpad catchall"
[   702.807] (II) Using input driver 'libinput' for 'Elan Touchpad'
[   702.808] (II) systemd-logind: got fd for /dev/input/event12 13:76 fd 26 paused 0
[   702.808] (**) Elan Touchpad: always reports core events
[   702.808] (**) Option "Device" "/dev/input/event12"
[   702.808] (**) Option "_source" "server/udev"
[   702.808] (II) input device 'Elan Touchpad', /dev/input/event12 is tagged by udev as: Touchpad
[   702.808] (II) input device 'Elan Touchpad', /dev/input/event12 is a touchpad
[   702.808] (**) Option "config_info" "udev:/sys/devices/pci0000:00/INT3432:00/i2c-0/i2c-ELAN0000:00/input/input12/event12"
[   702.808] (II) XINPUT: Adding extended input device "Elan Touchpad" (type: TOUCHPAD, id 9)
[   702.808] (**) Option "AccelerationScheme" "none"
[   702.808] (**) Elan Touchpad: (accel) selected scheme none/0
[   702.808] (**) Elan Touchpad: (accel) acceleration factor: 2.000
[   702.808] (**) Elan Touchpad: (accel) acceleration threshold: 4
[   702.809] (II) input device 'Elan Touchpad', /dev/input/event12 is tagged by udev as: Touchpad
[   702.809] (II) input device 'Elan Touchpad', /dev/input/event12 is a touchpad
[   702.809] (II) config/udev: Adding input device Elan Touchpad (/dev/input/mouse0)
[   702.809] (II) No input driver specified, ignoring this device.
[   702.809] (II) This device may have been added with another device file.
[   702.809] (II) config/udev: Adding input device AT Translated Set 2 keyboard (/dev/input/event0)
[   702.809] (**) AT Translated Set 2 keyboard: Applying InputClass "libinput keyboard catchall"
[   702.809] (**) AT Translated Set 2 keyboard: Applying InputClass "system-keyboard"
[   702.809] (II) Using input driver 'libinput' for 'AT Translated Set 2 keyboard'
[   702.810] (II) systemd-logind: got fd for /dev/input/event0 13:64 fd 27 paused 0
[   702.810] (**) AT Translated Set 2 keyboard: always reports core events
[   702.810] (**) Option "Device" "/dev/input/event0"
[   702.810] (**) Option "_source" "server/udev"
[   702.810] (II) input device 'AT Translated Set 2 keyboard', /dev/input/event0 is tagged by udev as: Keyboard
[   702.810] (II) input device 'AT Translated Set 2 keyboard', /dev/input/event0 is a keyboard
[   702.810] (**) Option "config_info" "udev:/sys/devices/platform/i8042/serio0/input/input0/event0"
[   702.810] (II) XINPUT: Adding extended input device "AT Translated Set 2 keyboard" (type: KEYBOARD, id 10)
[   702.810] (**) Option "xkb_model" "chromebook"
[   702.810] (**) Option "xkb_layout" "us"
[   702.811] (II) input device 'AT Translated Set 2 keyboard', /dev/input/event0 is tagged by udev as: Keyboard
[   702.811] (II) input device 'AT Translated Set 2 keyboard', /dev/input/event0 is a keyboard
[   702.811] (II) config/udev: Adding input device PC Speaker (/dev/input/event4)
[   702.811] (II) No input driver specified, ignoring this device.
[   702.811] (II) This device may have been added with another device file.
[   702.948] (**) Option "fd" "21"
[   702.948] (**) Option "fd" "24"
[   702.948] (**) Option "fd" "25"
[   702.948] (**) Option "fd" "26"
[   702.948] (**) Option "fd" "27"
[   702.949] (II) UnloadModule: "libinput"
[   702.949] (II) systemd-logind: releasing fd for 13:64
[   702.986] (II) UnloadModule: "libinput"
[   702.986] (II) systemd-logind: releasing fd for 13:76
[   703.026] (II) UnloadModule: "libinput"
[   703.026] (II) systemd-logind: releasing fd for 13:75
[   703.066] (II) UnloadModule: "libinput"
[   703.066] (II) systemd-logind: releasing fd for 13:66
[   703.086] (II) UnloadModule: "libinput"
[   703.086] (II) systemd-logind: releasing fd for 13:67
[   703.193] (II) Server terminated successfully (0). Closing log file.
