Log: Log file open, 11/28/16 20:16:42
Init: Memory Profiling : Disabled
Init: WinSock: version 1.1 (2.2), MaxSocks=128, MaxUdp=1024
Log:  ... running in INSTALLED mode
Init: Version: 7258
Init: Epic Internal: 0
Init: Compiled (32-bit): Oct 14 2015 15:31:40
Init: Changelist: 641002
Init: Command line: 
Init: Base directory: C:\Program Files\Steam\steamapps\common\Red Orchestra 2\Binaries\Win32\
Init: User engine INI not found. Creating one from the default INI
Log: Patching Game ini...
[0000.11] Init: Computer: pc
[0000.11] Init: User: cory
[0000.11] Init: CPU Page size=4096, Processors=4
[0000.11] Init: High frequency timer resolution =10.000000 MHz
[0000.11] Init: Memory total: Physical=7.7GB Pagefile=8.7GB Virtual=4.0GB
[0000.53] Log: STEAMWORKS initialized 1
[0000.55] Init: WinSock: I am pc (146.229.242.192:0)
[0000.55] Init: Presizing for 0 objects not considered by GC, pre-allocating 0 bytes.
[0000.55] Init: Object subsystem initialized
[0000.58] DevDataBase: Connection to "Provider=sqloledb;Data Source=production-db;Initial Catalog=EngineTaskPerf;Trusted_Connection=Yes;Connection Timeout=2" or "10.1.20.20" failed
[0013.61] Warning: Warning, Failed to load 'Texture2D EngineMaterials.RandomMirrorDisc': Failed to find object 'Texture2D EngineMaterials.RandomMirrorDisc'
[0019.85] DevMemory: Virtual  memory allocation size: 211.07 MByte (221323264 Bytes)
[0061.13] Exit: Preparing to exit.
[0061.81] Exit: Game engine shut down
[0061.85] Exit: Windows client shut down
[0061.86] Exit: XAudio2 Device shut down.
[0061.96] Exit: Object subsystem successfully closed.
[0062.10] DevDataBase: Spent 0.000036 seconds communicating with "Provider=sqloledb;Data Source=production-db;Initial Catalog=EngineTaskPerf;Trusted_Connection=Yes;Connection Timeout=2" or "10.1.20.20"
[0062.10] Exit: Exiting.
