Log: Log file open, 11/30/16 21:21:15
Init: Memory Profiling : Disabled
Init: WinSock: version 1.1 (2.2), MaxSocks=128, MaxUdp=1024
Log:  ... running in INSTALLED mode
Init: Version: 7258
Init: Epic Internal: 0
Init: Compiled (32-bit): Oct 14 2015 15:31:40
Init: Changelist: 641002
Init: Command line: -csmt activated
Init: Base directory: C:\Program Files\Steam\steamapps\common\Red Orchestra 2\Binaries\Win32\
[0000.10] Init: Computer: pc
[0000.10] Init: User: cory
[0000.10] Init: CPU Page size=4096, Processors=4
[0000.10] Init: High frequency timer resolution =10.000000 MHz
[0000.10] Init: Memory total: Physical=7.7GB Pagefile=8.7GB Virtual=4.0GB
[0003.46] Log: STEAMWORKS initialized 1
[0003.48] Init: WinSock: I am pc (146.229.241.49:0)
[0003.48] Init: Presizing for 0 objects not considered by GC, pre-allocating 0 bytes.
[0003.48] Init: Object subsystem initialized
[0003.52] DevDataBase: Connection to "Provider=sqloledb;Data Source=production-db;Initial Catalog=EngineTaskPerf;Trusted_Connection=Yes;Connection Timeout=2" or "10.1.20.20" failed
[0016.78] Warning: Warning, Failed to load 'Texture2D EngineMaterials.RandomMirrorDisc': Failed to find object 'Texture2D EngineMaterials.RandomMirrorDisc'
[0018.83] DevMemory: Virtual  memory allocation size: 210.85 MByte (221089792 Bytes)
[0046.78] SteamInfo: ROServerBrowser-Server responded
[0046.80] SteamInfo: ROServerBrowser-Server responded
[0046.81] SteamInfo: ROServerBrowser-Server responded
[0046.82] SteamInfo: ROServerBrowser-Server responded
[0046.83] SteamInfo: ROServerBrowser-Server responded
[0046.84] SteamInfo: ROServerBrowser-Server responded
[0046.85] SteamInfo: ROServerBrowser-Server responded
[0046.87] SteamInfo: ROServerBrowser-Server responded
[0046.89] SteamInfo: ROServerBrowser-Server responded
[0046.90] SteamInfo: ROServerBrowser-Server responded
[0046.91] SteamInfo: ROServerBrowser-Server responded
[0046.92] SteamInfo: ROServerBrowser-Server responded
[0046.93] SteamInfo: ROServerBrowser-Server responded
[0046.93] SteamInfo: ROServerBrowser-Server responded
[0046.94] SteamInfo: ROServerBrowser-Server responded
[0046.94] SteamInfo: ROServerBrowser-Server responded
[0046.95] SteamInfo: ROServerBrowser-Server responded
[0046.96] SteamInfo: ROServerBrowser-Server responded
[0046.97] SteamInfo: ROServerBrowser-Server responded
[0046.98] SteamInfo: ROServerBrowser-Server responded
[0046.99] SteamInfo: ROServerBrowser-Server responded
[0047.00] SteamInfo: ROServerBrowser-Server responded
[0047.03] SteamInfo: ROServerBrowser-Server responded
[0047.07] SteamInfo: ROServerBrowser-Server responded
[0047.09] SteamInfo: ROServerBrowser-Server responded
[0047.10] SteamInfo: ROServerBrowser-Server responded
[0047.11] SteamInfo: ROServerBrowser-Server responded
[0047.13] SteamInfo: ROServerBrowser-Server responded
[0047.14] SteamInfo: ROServerBrowser-Server responded
[0047.15] SteamInfo: ROServerBrowser-Server responded
[0047.16] SteamInfo: ROServerBrowser-Server responded
[0047.17] SteamInfo: ROServerBrowser-Server responded
[0047.17] SteamInfo: ROServerBrowser-Server responded
[0047.18] SteamInfo: ROServerBrowser-Server responded
[0047.19] SteamInfo: ROServerBrowser-Server responded
[0047.20] SteamInfo: ROServerBrowser-Server responded
[0047.21] SteamInfo: ROServerBrowser-Server responded
[0047.22] SteamInfo: ROServerBrowser-Server responded
[0047.23] SteamInfo: ROServerBrowser-Server responded
[0047.23] SteamInfo: ROServerBrowser-Server responded
[0047.24] SteamInfo: ROServerBrowser-Server responded
[0047.27] SteamInfo: ROServerBrowser-Server responded
[0047.28] SteamInfo: ROServerBrowser-Server responded
[0047.29] SteamInfo: ROServerBrowser-Server responded
[0047.30] SteamInfo: ROServerBrowser-Server responded
[0047.30] SteamInfo: ROServerBrowser-Server responded
[0047.31] SteamInfo: ROServerBrowser-Server responded
[0047.32] SteamInfo: ROServerBrowser-Server responded
[0047.33] SteamInfo: ROServerBrowser-Server responded
[0047.37] SteamInfo: ROServerBrowser-Server responded
[0047.39] SteamInfo: ROServerBrowser-Server responded
[0047.40] SteamInfo: ROServerBrowser-Server responded
[0047.42] SteamInfo: ROServerBrowser-Server responded
[0047.43] SteamInfo: ROServerBrowser-Server responded
[0047.45] SteamInfo: ROServerBrowser-Server responded
[0047.45] SteamInfo: ROServerBrowser-Server responded
[0047.46] SteamInfo: ROServerBrowser-Server responded
[0047.47] SteamInfo: ROServerBrowser-Server responded
[0047.48] SteamInfo: ROServerBrowser-Server responded
[0047.49] SteamInfo: ROServerBrowser-Server responded
[0047.51] SteamInfo: ROServerBrowser-Server responded
[0047.52] SteamInfo: ROServerBrowser-Server responded
[0047.53] SteamInfo: ROServerBrowser-Server responded
[0047.54] SteamInfo: ROServerBrowser-Server responded
[0047.55] SteamInfo: ROServerBrowser-Server responded
[0047.56] SteamInfo: ROServerBrowser-Server responded
[0047.57] SteamInfo: ROServerBrowser-Server responded
[0047.58] SteamInfo: ROServerBrowser-Server responded
[0047.59] SteamInfo: ROServerBrowser-Server responded
[0047.60] SteamInfo: ROServerBrowser-Server responded
[0047.61] SteamInfo: ROServerBrowser-Server responded
[0047.62] SteamInfo: ROServerBrowser-Server responded
[0047.65] SteamInfo: ROServerBrowser-Server responded
[0047.65] SteamInfo: ROServerBrowser-Server responded
[0047.65] SteamInfo: ROServerBrowser-Server responded
[0047.66] SteamInfo: ROServerBrowser-Server responded
[0047.67] SteamInfo: ROServerBrowser-Server responded
[0047.68] SteamInfo: ROServerBrowser-Server responded
[0047.69] SteamInfo: ROServerBrowser-Server responded
[0047.70] SteamInfo: ROServerBrowser-Server responded
[0047.71] SteamInfo: ROServerBrowser-Server responded
[0047.72] SteamInfo: ROServerBrowser-Server responded
[0047.73] SteamInfo: ROServerBrowser-Server responded
[0047.74] SteamInfo: ROServerBrowser-Server responded
[0047.77] SteamInfo: ROServerBrowser-Server responded
[0047.88] SteamInfo: ROServerBrowser-Server responded
[0047.89] SteamInfo: ROServerBrowser-Server responded
[0047.90] SteamInfo: ROServerBrowser-Server responded
[0047.92] SteamInfo: ROServerBrowser-Server responded
[0047.92] SteamInfo: ROServerBrowser-Server responded
[0047.93] SteamInfo: ROServerBrowser-Server responded
[0047.93] SteamInfo: ROServerBrowser-Server responded
[0047.94] SteamInfo: ROServerBrowser-Server responded
[0047.95] SteamInfo: ROServerBrowser-Server responded
[0047.96] SteamInfo: ROServerBrowser-Server responded
[0047.96] SteamInfo: ROServerBrowser-Server responded
[0047.97] SteamInfo: ROServerBrowser-Server responded
[0047.98] SteamInfo: ROServerBrowser-Server responded
[0047.99] SteamInfo: ROServerBrowser-Server responded
[0048.00] SteamInfo: ROServerBrowser-Server responded
[0048.01] SteamInfo: ROServerBrowser-Server responded
[0048.02] SteamInfo: ROServerBrowser-Server responded
[0048.03] SteamInfo: ROServerBrowser-Server responded
[0048.05] SteamInfo: ROServerBrowser-Server responded
[0048.07] SteamInfo: ROServerBrowser-Server responded
[0048.08] SteamInfo: ROServerBrowser-Server responded
[0048.09] SteamInfo: ROServerBrowser-Server responded
[0048.10] SteamInfo: ROServerBrowser-Server responded
[0048.10] SteamInfo: ROServerBrowser-Server responded
[0048.11] SteamInfo: ROServerBrowser-Server responded
[0048.12] SteamInfo: ROServerBrowser-Server responded
[0048.13] SteamInfo: ROServerBrowser-Server responded
[0048.14] SteamInfo: ROServerBrowser-Server responded
[0048.15] SteamInfo: ROServerBrowser-Server responded
[0048.16] SteamInfo: ROServerBrowser-Server responded
[0048.17] SteamInfo: ROServerBrowser-Server responded
[0048.17] SteamInfo: ROServerBrowser-Server responded
[0048.18] SteamInfo: ROServerBrowser-Server responded
[0048.19] SteamInfo: ROServerBrowser-Server responded
[0048.20] SteamInfo: ROServerBrowser-Server responded
[0048.22] SteamInfo: ROServerBrowser-Server responded
[0048.23] SteamInfo: ROServerBrowser-Server responded
[0048.24] SteamInfo: ROServerBrowser-Server responded
[0048.27] SteamInfo: ROServerBrowser-Server responded
[0048.28] SteamInfo: ROServerBrowser-Server responded
[0048.42] SteamInfo: ROServerBrowser-Server responded
[0048.43] SteamInfo: ROServerBrowser-Server responded
[0048.44] SteamInfo: ROServerBrowser-Server responded
[0048.45] SteamInfo: ROServerBrowser-Server responded
[0048.49] SteamInfo: ROServerBrowser-Server responded
[0048.49] SteamInfo: ROServerBrowser-Server responded
[0048.49] SteamInfo: ROServerBrowser-Server responded
[0048.49] SteamInfo: ROServerBrowser-Server responded
[0048.50] SteamInfo: ROServerBrowser-Server responded
[0048.50] SteamInfo: ROServerBrowser-Server responded
[0048.51] SteamInfo: ROServerBrowser-Server responded
[0048.54] SteamInfo: ROServerBrowser-Server responded
[0048.54] SteamInfo: ROServerBrowser-Server responded
[0048.55] SteamInfo: ROServerBrowser-Server responded
[0048.55] SteamInfo: ROServerBrowser-Server responded
[0048.56] SteamInfo: ROServerBrowser-Server responded
[0048.56] SteamInfo: ROServerBrowser-Server responded
[0048.56] SteamInfo: ROServerBrowser-Server responded
[0048.56] SteamInfo: ROServerBrowser-Server responded
[0048.56] SteamInfo: ROServerBrowser-Server responded
[0048.56] SteamInfo: ROServerBrowser-Server responded
[0048.58] SteamInfo: ROServerBrowser-Server responded
[0048.58] SteamInfo: ROServerBrowser-Server responded
[0048.58] SteamInfo: ROServerBrowser-Server responded
[0048.58] SteamInfo: ROServerBrowser-Server responded
[0048.58] SteamInfo: ROServerBrowser-Server responded
[0048.59] SteamInfo: ROServerBrowser-Server responded
[0048.61] SteamInfo: ROServerBrowser-Server responded
[0048.62] SteamInfo: ROServerBrowser-Server responded
[0048.63] SteamInfo: ROServerBrowser-Server responded
[0048.64] SteamInfo: ROServerBrowser-Server responded
[0048.68] SteamInfo: ROServerBrowser-Server responded
[0048.70] SteamInfo: ROServerBrowser-Server responded
[0048.71] SteamInfo: ROServerBrowser-Server responded
[0048.72] SteamInfo: ROServerBrowser-Server responded
[0048.73] SteamInfo: ROServerBrowser-Server responded
[0048.74] SteamInfo: ROServerBrowser-Server responded
[0048.75] SteamInfo: ROServerBrowser-Server responded
[0048.76] SteamInfo: ROServerBrowser-Server responded
[0048.77] SteamInfo: ROServerBrowser-Server responded
[0048.78] SteamInfo: ROServerBrowser-Server responded
[0048.79] SteamInfo: ROServerBrowser-Server responded
[0048.80] SteamInfo: ROServerBrowser-Server responded
[0048.82] SteamInfo: ROServerBrowser-Server responded
[0048.83] SteamInfo: ROServerBrowser-Server responded
[0048.88] SteamInfo: ROServerBrowser-Server responded
[0049.01] SteamInfo: ROServerBrowser-Server responded
[0049.05] SteamInfo: ROServerBrowser-Server failed to respond ip- -1059120547
[0049.07] SteamInfo: ROServerBrowser-Server responded
[0049.09] SteamInfo: ROServerBrowser-Server failed to respond ip- -773974926
[0049.09] SteamInfo: ROServerBrowser-Server responded
[0049.11] SteamInfo: ROServerBrowser-Server responded
[0049.12] SteamInfo: ROServerBrowser-Server responded
[0049.13] SteamInfo: ROServerBrowser-Server responded
[0049.14] SteamInfo: ROServerBrowser-Server responded
[0049.15] SteamInfo: ROServerBrowser-Server responded
[0049.16] SteamInfo: ROServerBrowser-Server responded
[0049.17] SteamInfo: ROServerBrowser-Server responded
[0049.19] SteamInfo: ROServerBrowser-Server responded
[0049.20] SteamInfo: ROServerBrowser-Server responded
[0049.21] SteamInfo: ROServerBrowser-Server responded
[0049.23] SteamInfo: ROServerBrowser-Server responded
[0049.24] SteamInfo: ROServerBrowser-Server responded
[0049.34] SteamInfo: ROServerBrowser-Server failed to respond ip- 1815967251
[0049.83] SteamInfo: ROServerBrowser-Server failed to respond ip- 1438872250
[0049.85] SteamInfo: ROServerBrowser-Server failed to respond ip- 1607719281
[0050.31] SteamInfo: ROServerBrowser-Server failed to respond ip- 1359010229
[0050.35] SteamInfo: ROServerBrowser-Server failed to respond ip- 1504966554
[0050.86] SteamInfo: ROServerBrowser-Server failed to respond ip- 737517834
[0182.00] SteamInfo: ROServerBrowser-Server responded
[0182.02] SteamInfo: ROServerBrowser-Server responded
[0182.02] SteamInfo: ROServerBrowser-Server responded
[0182.03] SteamInfo: ROServerBrowser-Server responded
[0182.03] SteamInfo: ROServerBrowser-Server responded
[0182.05] SteamInfo: ROServerBrowser-Server responded
[0182.06] SteamInfo: ROServerBrowser-Server responded
[0182.07] SteamInfo: ROServerBrowser-Server responded
[0182.08] SteamInfo: ROServerBrowser-Server responded
[0182.09] SteamInfo: ROServerBrowser-Server responded
[0182.10] SteamInfo: ROServerBrowser-Server responded
[0182.11] SteamInfo: ROServerBrowser-Server responded
[0182.12] SteamInfo: ROServerBrowser-Server responded
[0182.13] SteamInfo: ROServerBrowser-Server responded
[0182.14] SteamInfo: ROServerBrowser-Server responded
[0182.14] SteamInfo: ROServerBrowser-Server responded
[0182.15] SteamInfo: ROServerBrowser-Server responded
[0182.16] SteamInfo: ROServerBrowser-Server responded
[0182.19] SteamInfo: ROServerBrowser-Server responded
[0182.20] SteamInfo: ROServerBrowser-Server responded
[0182.21] SteamInfo: ROServerBrowser-Server responded
[0182.22] SteamInfo: ROServerBrowser-Server responded
[0182.23] SteamInfo: ROServerBrowser-Server responded
[0182.24] SteamInfo: ROServerBrowser-Server responded
[0182.27] SteamInfo: ROServerBrowser-Server responded
[0182.30] SteamInfo: ROServerBrowser-Server responded
[0182.31] SteamInfo: ROServerBrowser-Server responded
[0182.32] SteamInfo: ROServerBrowser-Server responded
[0182.33] SteamInfo: ROServerBrowser-Server responded
[0182.33] SteamInfo: ROServerBrowser-Server responded
[0182.34] SteamInfo: ROServerBrowser-Server responded
[0182.35] SteamInfo: ROServerBrowser-Server responded
[0182.35] SteamInfo: ROServerBrowser-Server responded
[0182.36] SteamInfo: ROServerBrowser-Server responded
[0182.36] SteamInfo: ROServerBrowser-Server responded
[0182.37] SteamInfo: ROServerBrowser-Server responded
[0182.38] SteamInfo: ROServerBrowser-Server responded
[0182.41] SteamInfo: ROServerBrowser-Server responded
[0182.42] SteamInfo: ROServerBrowser-Server responded
[0182.43] SteamInfo: ROServerBrowser-Server responded
[0182.44] SteamInfo: ROServerBrowser-Server responded
[0182.45] SteamInfo: ROServerBrowser-Server responded
[0182.45] SteamInfo: ROServerBrowser-Server responded
[0182.46] SteamInfo: ROServerBrowser-Server responded
[0182.47] SteamInfo: ROServerBrowser-Server responded
[0182.48] SteamInfo: ROServerBrowser-Server responded
[0182.51] SteamInfo: ROServerBrowser-Server responded
[0182.53] SteamInfo: ROServerBrowser-Server responded
[0182.55] SteamInfo: ROServerBrowser-Server responded
[0182.56] SteamInfo: ROServerBrowser-Server responded
[0182.57] SteamInfo: ROServerBrowser-Server responded
[0182.58] SteamInfo: ROServerBrowser-Server responded
[0182.59] SteamInfo: ROServerBrowser-Server responded
[0182.59] SteamInfo: ROServerBrowser-Server responded
[0182.62] SteamInfo: ROServerBrowser-Server responded
[0182.63] SteamInfo: ROServerBrowser-Server responded
[0182.64] SteamInfo: ROServerBrowser-Server responded
[0182.64] SteamInfo: ROServerBrowser-Server responded
[0182.65] SteamInfo: ROServerBrowser-Server responded
[0182.66] SteamInfo: ROServerBrowser-Server responded
[0182.67] SteamInfo: ROServerBrowser-Server responded
[0182.68] SteamInfo: ROServerBrowser-Server responded
[0182.69] SteamInfo: ROServerBrowser-Server responded
[0182.70] SteamInfo: ROServerBrowser-Server responded
[0182.71] SteamInfo: ROServerBrowser-Server responded
[0182.72] SteamInfo: ROServerBrowser-Server responded
[0182.73] SteamInfo: ROServerBrowser-Server responded
[0182.73] SteamInfo: ROServerBrowser-Server responded
[0182.74] SteamInfo: ROServerBrowser-Server responded
[0182.74] SteamInfo: ROServerBrowser-Server responded
[0182.75] SteamInfo: ROServerBrowser-Server responded
[0182.78] SteamInfo: ROServerBrowser-Server responded
[0182.79] SteamInfo: ROServerBrowser-Server responded
[0182.79] SteamInfo: ROServerBrowser-Server responded
[0182.79] SteamInfo: ROServerBrowser-Server responded
[0182.80] SteamInfo: ROServerBrowser-Server responded
[0182.81] SteamInfo: ROServerBrowser-Server responded
[0182.82] SteamInfo: ROServerBrowser-Server responded
[0182.83] SteamInfo: ROServerBrowser-Server responded
[0182.83] SteamInfo: ROServerBrowser-Server responded
[0182.89] SteamInfo: ROServerBrowser-Server responded
[0182.95] SteamInfo: ROServerBrowser-Server responded
[0182.95] SteamInfo: ROServerBrowser-Server responded
[0182.97] SteamInfo: ROServerBrowser-Server responded
[0182.97] SteamInfo: ROServerBrowser-Server responded
[0182.97] SteamInfo: ROServerBrowser-Server responded
[0182.98] SteamInfo: ROServerBrowser-Server responded
[0182.99] SteamInfo: ROServerBrowser-Server responded
[0183.00] SteamInfo: ROServerBrowser-Server responded
[0183.01] SteamInfo: ROServerBrowser-Server responded
[0183.02] SteamInfo: ROServerBrowser-Server responded
[0183.02] SteamInfo: ROServerBrowser-Server responded
[0183.03] SteamInfo: ROServerBrowser-Server responded
[0183.03] SteamInfo: ROServerBrowser-Server responded
[0183.04] SteamInfo: ROServerBrowser-Server responded
[0183.05] SteamInfo: ROServerBrowser-Server responded
[0183.06] SteamInfo: ROServerBrowser-Server responded
[0183.07] SteamInfo: ROServerBrowser-Server responded
[0183.08] SteamInfo: ROServerBrowser-Server responded
[0183.09] SteamInfo: ROServerBrowser-Server responded
[0183.09] SteamInfo: ROServerBrowser-Server responded
[0183.10] SteamInfo: ROServerBrowser-Server responded
[0183.10] SteamInfo: ROServerBrowser-Server responded
[0183.11] SteamInfo: ROServerBrowser-Server responded
[0183.12] SteamInfo: ROServerBrowser-Server responded
[0183.14] SteamInfo: ROServerBrowser-Server responded
[0183.15] SteamInfo: ROServerBrowser-Server responded
[0183.16] SteamInfo: ROServerBrowser-Server responded
[0183.16] SteamInfo: ROServerBrowser-Server responded
[0183.17] SteamInfo: ROServerBrowser-Server responded
[0183.18] SteamInfo: ROServerBrowser-Server responded
[0183.19] SteamInfo: ROServerBrowser-Server responded
[0183.19] SteamInfo: ROServerBrowser-Server responded
[0183.20] SteamInfo: ROServerBrowser-Server responded
[0183.28] SteamInfo: ROServerBrowser-Server responded
[0183.32] SteamInfo: ROServerBrowser-Server responded
[0183.34] SteamInfo: ROServerBrowser-Server responded
[0183.35] SteamInfo: ROServerBrowser-Server responded
[0183.36] SteamInfo: ROServerBrowser-Server responded
[0183.37] SteamInfo: ROServerBrowser-Server responded
[0183.37] SteamInfo: ROServerBrowser-Server responded
[0183.38] SteamInfo: ROServerBrowser-Server responded
[0183.39] SteamInfo: ROServerBrowser-Server responded
[0183.39] SteamInfo: ROServerBrowser-Server responded
[0183.39] SteamInfo: ROServerBrowser-Server responded
[0183.39] SteamInfo: ROServerBrowser-Server responded
[0183.40] SteamInfo: ROServerBrowser-Server responded
[0183.41] SteamInfo: ROServerBrowser-Server responded
[0183.43] SteamInfo: ROServerBrowser-Server responded
[0183.44] SteamInfo: ROServerBrowser-Server responded
[0183.44] SteamInfo: ROServerBrowser-Server responded
[0183.45] SteamInfo: ROServerBrowser-Server responded
[0183.46] SteamInfo: ROServerBrowser-Server responded
[0183.46] SteamInfo: ROServerBrowser-Server responded
[0183.46] SteamInfo: ROServerBrowser-Server responded
[0183.47] SteamInfo: ROServerBrowser-Server responded
[0183.47] SteamInfo: ROServerBrowser-Server responded
[0183.48] SteamInfo: ROServerBrowser-Server responded
[0183.48] SteamInfo: ROServerBrowser-Server responded
[0183.49] SteamInfo: ROServerBrowser-Server responded
[0183.49] SteamInfo: ROServerBrowser-Server responded
[0183.49] SteamInfo: ROServerBrowser-Server responded
[0183.50] SteamInfo: ROServerBrowser-Server responded
[0183.50] SteamInfo: ROServerBrowser-Server responded
[0183.51] SteamInfo: ROServerBrowser-Server responded
[0183.51] SteamInfo: ROServerBrowser-Server responded
[0183.51] SteamInfo: ROServerBrowser-Server responded
[0183.52] SteamInfo: ROServerBrowser-Server responded
[0183.52] SteamInfo: ROServerBrowser-Server responded
[0183.53] SteamInfo: ROServerBrowser-Server responded
[0183.54] SteamInfo: ROServerBrowser-Server responded
[0183.55] SteamInfo: ROServerBrowser-Server responded
[0183.56] SteamInfo: ROServerBrowser-Server responded
[0183.56] SteamInfo: ROServerBrowser-Server responded
[0183.70] SteamInfo: ROServerBrowser-Server responded
[0183.77] SteamInfo: ROServerBrowser-Server responded
[0183.78] SteamInfo: ROServerBrowser-Server responded
[0183.79] SteamInfo: ROServerBrowser-Server responded
[0183.79] SteamInfo: ROServerBrowser-Server responded
[0183.81] SteamInfo: ROServerBrowser-Server responded
[0183.81] SteamInfo: ROServerBrowser-Server responded
[0183.82] SteamInfo: ROServerBrowser-Server responded
[0183.83] SteamInfo: ROServerBrowser-Server responded
[0183.84] SteamInfo: ROServerBrowser-Server responded
[0183.85] SteamInfo: ROServerBrowser-Server responded
[0183.88] SteamInfo: ROServerBrowser-Server responded
[0183.89] SteamInfo: ROServerBrowser-Server responded
[0183.90] SteamInfo: ROServerBrowser-Server responded
[0183.91] SteamInfo: ROServerBrowser-Server responded
[0183.92] SteamInfo: ROServerBrowser-Server responded
[0183.93] SteamInfo: ROServerBrowser-Server responded
[0183.94] SteamInfo: ROServerBrowser-Server responded
[0183.94] SteamInfo: ROServerBrowser-Server responded
[0183.95] SteamInfo: ROServerBrowser-Server responded
[0183.96] SteamInfo: ROServerBrowser-Server responded
[0183.97] SteamInfo: ROServerBrowser-Server responded
[0183.98] SteamInfo: ROServerBrowser-Server responded
[0183.99] SteamInfo: ROServerBrowser-Server responded
[0184.01] SteamInfo: ROServerBrowser-Server responded
[0184.02] SteamInfo: ROServerBrowser-Server responded
[0184.02] SteamInfo: ROServerBrowser-Server responded
[0184.03] SteamInfo: ROServerBrowser-Server responded
[0184.04] SteamInfo: ROServerBrowser-Server responded
[0184.05] SteamInfo: ROServerBrowser-Server responded
[0184.06] SteamInfo: ROServerBrowser-Server responded
[0184.26] SteamInfo: ROServerBrowser-Server failed to respond ip- -1059120547
[0184.26] SteamInfo: ROServerBrowser-Server failed to respond ip- -773974926
[0184.49] SteamInfo: ROServerBrowser-Server failed to respond ip- 1815967251
[0184.98] SteamInfo: ROServerBrowser-Server failed to respond ip- 1438872250
[0185.21] SteamInfo: ROServerBrowser-Server failed to respond ip- 1359010229
[0185.21] SteamInfo: ROServerBrowser-Server failed to respond ip- 1607719281
[0185.43] SteamInfo: ROServerBrowser-Server failed to respond ip- 1504966554
[0185.58] SteamInfo: ROServerBrowser-Server failed to respond ip- -561588886
[0185.60] SteamInfo: ROServerBrowser-Server failed to respond ip- 737517834
[0652.28] SteamInfo: ROServerBrowser-Server responded
[0652.29] SteamInfo: ROServerBrowser-Server responded
[0652.30] SteamInfo: ROServerBrowser-Server responded
[0652.30] SteamInfo: ROServerBrowser-Server responded
[0652.31] SteamInfo: ROServerBrowser-Server responded
[0652.32] SteamInfo: ROServerBrowser-Server responded
[0652.33] SteamInfo: ROServerBrowser-Server responded
[0652.34] SteamInfo: ROServerBrowser-Server responded
[0652.35] SteamInfo: ROServerBrowser-Server responded
[0652.36] SteamInfo: ROServerBrowser-Server responded
[0652.38] SteamInfo: ROServerBrowser-Server responded
[0652.38] SteamInfo: ROServerBrowser-Server responded
[0652.39] SteamInfo: ROServerBrowser-Server responded
[0652.40] SteamInfo: ROServerBrowser-Server responded
[0652.40] SteamInfo: ROServerBrowser-Server responded
[0652.41] SteamInfo: ROServerBrowser-Server responded
[0652.42] SteamInfo: ROServerBrowser-Server responded
[0652.43] SteamInfo: ROServerBrowser-Server responded
[0652.44] SteamInfo: ROServerBrowser-Server responded
[0652.45] SteamInfo: ROServerBrowser-Server responded
[0652.46] SteamInfo: ROServerBrowser-Server responded
[0652.47] SteamInfo: ROServerBrowser-Server responded
[0652.48] SteamInfo: ROServerBrowser-Server responded
[0652.49] SteamInfo: ROServerBrowser-Server responded
[0652.51] SteamInfo: ROServerBrowser-Server responded
[0652.57] SteamInfo: ROServerBrowser-Server responded
[0652.58] SteamInfo: ROServerBrowser-Server responded
[0652.59] SteamInfo: ROServerBrowser-Server responded
[0652.60] SteamInfo: ROServerBrowser-Server responded
[0652.62] SteamInfo: ROServerBrowser-Server responded
[0652.63] SteamInfo: ROServerBrowser-Server responded
[0652.64] SteamInfo: ROServerBrowser-Server responded
[0652.64] SteamInfo: ROServerBrowser-Server responded
[0652.65] SteamInfo: ROServerBrowser-Server responded
[0652.65] SteamInfo: ROServerBrowser-Server responded
[0652.65] SteamInfo: ROServerBrowser-Server responded
[0652.66] SteamInfo: ROServerBrowser-Server responded
[0652.67] SteamInfo: ROServerBrowser-Server responded
[0652.68] SteamInfo: ROServerBrowser-Server responded
[0652.69] SteamInfo: ROServerBrowser-Server responded
[0652.69] SteamInfo: ROServerBrowser-Server responded
[0652.70] SteamInfo: ROServerBrowser-Server responded
[0652.71] SteamInfo: ROServerBrowser-Server responded
[0652.72] SteamInfo: ROServerBrowser-Server responded
[0652.74] SteamInfo: ROServerBrowser-Server responded
[0652.75] SteamInfo: ROServerBrowser-Server responded
[0652.76] SteamInfo: ROServerBrowser-Server responded
[0652.82] SteamInfo: ROServerBrowser-Server responded
[0652.83] SteamInfo: ROServerBrowser-Server responded
[0652.84] SteamInfo: ROServerBrowser-Server responded
[0652.85] SteamInfo: ROServerBrowser-Server responded
[0652.87] SteamInfo: ROServerBrowser-Server responded
[0652.88] SteamInfo: ROServerBrowser-Server responded
[0652.88] SteamInfo: ROServerBrowser-Server responded
[0652.89] SteamInfo: ROServerBrowser-Server responded
[0652.90] SteamInfo: ROServerBrowser-Server responded
[0652.91] SteamInfo: ROServerBrowser-Server responded
[0652.92] SteamInfo: ROServerBrowser-Server responded
[0652.93] SteamInfo: ROServerBrowser-Server responded
[0652.94] SteamInfo: ROServerBrowser-Server responded
[0652.95] SteamInfo: ROServerBrowser-Server responded
[0652.97] SteamInfo: ROServerBrowser-Server responded
[0652.98] SteamInfo: ROServerBrowser-Server responded
[0652.98] SteamInfo: ROServerBrowser-Server responded
[0652.99] SteamInfo: ROServerBrowser-Server responded
[0653.00] SteamInfo: ROServerBrowser-Server responded
[0653.00] SteamInfo: ROServerBrowser-Server responded
[0653.01] SteamInfo: ROServerBrowser-Server responded
[0653.02] SteamInfo: ROServerBrowser-Server responded
[0653.03] SteamInfo: ROServerBrowser-Server responded
[0653.04] SteamInfo: ROServerBrowser-Server responded
[0653.05] SteamInfo: ROServerBrowser-Server responded
[0653.05] SteamInfo: ROServerBrowser-Server responded
[0653.06] SteamInfo: ROServerBrowser-Server responded
[0653.07] SteamInfo: ROServerBrowser-Server responded
[0653.08] SteamInfo: ROServerBrowser-Server responded
[0653.08] SteamInfo: ROServerBrowser-Server responded
[0653.09] SteamInfo: ROServerBrowser-Server responded
[0653.12] SteamInfo: ROServerBrowser-Server responded
[0653.12] SteamInfo: ROServerBrowser-Server responded
[0653.13] SteamInfo: ROServerBrowser-Server responded
[0653.13] SteamInfo: ROServerBrowser-Server responded
[0653.14] SteamInfo: ROServerBrowser-Server responded
[0653.15] SteamInfo: ROServerBrowser-Server responded
[0653.15] SteamInfo: ROServerBrowser-Server responded
[0653.16] SteamInfo: ROServerBrowser-Server responded
[0653.17] SteamInfo: ROServerBrowser-Server responded
[0653.18] SteamInfo: ROServerBrowser-Server responded
[0653.19] SteamInfo: ROServerBrowser-Server responded
[0653.20] SteamInfo: ROServerBrowser-Server responded
[0653.21] SteamInfo: ROServerBrowser-Server responded
[0653.21] SteamInfo: ROServerBrowser-Server responded
[0653.22] SteamInfo: ROServerBrowser-Server responded
[0653.25] SteamInfo: ROServerBrowser-Server responded
[0653.35] SteamInfo: ROServerBrowser-Server responded
[0653.38] SteamInfo: ROServerBrowser-Server responded
[0653.39] SteamInfo: ROServerBrowser-Server responded
[0653.40] SteamInfo: ROServerBrowser-Server responded
[0653.41] SteamInfo: ROServerBrowser-Server responded
[0653.42] SteamInfo: ROServerBrowser-Server responded
[0653.43] SteamInfo: ROServerBrowser-Server responded
[0653.44] SteamInfo: ROServerBrowser-Server responded
[0653.45] SteamInfo: ROServerBrowser-Server responded
[0653.47] SteamInfo: ROServerBrowser-Server responded
[0653.48] SteamInfo: ROServerBrowser-Server responded
[0653.49] SteamInfo: ROServerBrowser-Server responded
[0653.49] SteamInfo: ROServerBrowser-Server responded
[0653.50] SteamInfo: ROServerBrowser-Server responded
[0653.51] SteamInfo: ROServerBrowser-Server responded
[0653.51] SteamInfo: ROServerBrowser-Server responded
[0653.52] SteamInfo: ROServerBrowser-Server responded
[0653.53] SteamInfo: ROServerBrowser-Server responded
[0653.54] SteamInfo: ROServerBrowser-Server responded
[0653.54] SteamInfo: ROServerBrowser-Server responded
[0653.55] SteamInfo: ROServerBrowser-Server responded
[0653.56] SteamInfo: ROServerBrowser-Server responded
[0653.57] SteamInfo: ROServerBrowser-Server responded
[0653.58] SteamInfo: ROServerBrowser-Server responded
[0653.58] SteamInfo: ROServerBrowser-Server responded
[0653.59] SteamInfo: ROServerBrowser-Server responded
[0653.60] SteamInfo: ROServerBrowser-Server responded
[0653.61] SteamInfo: ROServerBrowser-Server responded
[0653.62] SteamInfo: ROServerBrowser-Server responded
[0653.63] SteamInfo: ROServerBrowser-Server responded
[0653.64] SteamInfo: ROServerBrowser-Server responded
[0653.65] SteamInfo: ROServerBrowser-Server responded
[0653.67] SteamInfo: ROServerBrowser-Server responded
[0653.69] SteamInfo: ROServerBrowser-Server responded
[0653.71] SteamInfo: ROServerBrowser-Server responded
[0653.72] SteamInfo: ROServerBrowser-Server responded
[0653.73] SteamInfo: ROServerBrowser-Server responded
[0653.84] SteamInfo: ROServerBrowser-Server responded
[0653.88] SteamInfo: ROServerBrowser-Server responded
[0653.89] SteamInfo: ROServerBrowser-Server responded
[0653.89] SteamInfo: ROServerBrowser-Server responded
[0653.89] SteamInfo: ROServerBrowser-Server responded
[0653.89] SteamInfo: ROServerBrowser-Server responded
[0653.90] SteamInfo: ROServerBrowser-Server responded
[0653.90] SteamInfo: ROServerBrowser-Server responded
[0653.90] SteamInfo: ROServerBrowser-Server responded
[0653.91] SteamInfo: ROServerBrowser-Server responded
[0653.91] SteamInfo: ROServerBrowser-Server responded
[0653.91] SteamInfo: ROServerBrowser-Server responded
[0653.91] SteamInfo: ROServerBrowser-Server responded
[0653.92] SteamInfo: ROServerBrowser-Server responded
[0653.93] SteamInfo: ROServerBrowser-Server responded
[0653.94] SteamInfo: ROServerBrowser-Server responded
[0653.94] SteamInfo: ROServerBrowser-Server responded
[0653.95] SteamInfo: ROServerBrowser-Server responded
[0653.95] SteamInfo: ROServerBrowser-Server responded
[0653.96] SteamInfo: ROServerBrowser-Server responded
[0653.97] SteamInfo: ROServerBrowser-Server responded
[0653.98] SteamInfo: ROServerBrowser-Server responded
[0653.99] SteamInfo: ROServerBrowser-Server responded
[0654.00] SteamInfo: ROServerBrowser-Server responded
[0654.01] SteamInfo: ROServerBrowser-Server responded
[0654.02] SteamInfo: ROServerBrowser-Server responded
[0654.04] SteamInfo: ROServerBrowser-Server responded
[0654.05] SteamInfo: ROServerBrowser-Server responded
[0654.06] SteamInfo: ROServerBrowser-Server responded
[0654.07] SteamInfo: ROServerBrowser-Server responded
[0654.08] SteamInfo: ROServerBrowser-Server responded
[0654.09] SteamInfo: ROServerBrowser-Server responded
[0654.09] SteamInfo: ROServerBrowser-Server responded
[0654.10] SteamInfo: ROServerBrowser-Server responded
[0654.10] SteamInfo: ROServerBrowser-Server responded
[0654.11] SteamInfo: ROServerBrowser-Server responded
[0654.13] SteamInfo: ROServerBrowser-Server responded
[0654.13] SteamInfo: ROServerBrowser-Server responded
[0654.15] SteamInfo: ROServerBrowser-Server responded
[0654.17] SteamInfo: ROServerBrowser-Server responded
[0654.18] SteamInfo: ROServerBrowser-Server responded
[0654.19] SteamInfo: ROServerBrowser-Server responded
[0654.21] SteamInfo: ROServerBrowser-Server responded
[0654.22] SteamInfo: ROServerBrowser-Server responded
[0654.24] SteamInfo: ROServerBrowser-Server responded
[0654.24] SteamInfo: ROServerBrowser-Server responded
[0654.25] SteamInfo: ROServerBrowser-Server responded
[0654.26] SteamInfo: ROServerBrowser-Server responded
[0654.28] SteamInfo: ROServerBrowser-Server responded
[0654.29] SteamInfo: ROServerBrowser-Server responded
[0654.30] SteamInfo: ROServerBrowser-Server responded
[0654.31] SteamInfo: ROServerBrowser-Server responded
[0654.32] SteamInfo: ROServerBrowser-Server responded
[0654.33] SteamInfo: ROServerBrowser-Server responded
[0654.52] SteamInfo: ROServerBrowser-Server failed to respond ip- -1059120547
[0654.55] SteamInfo: ROServerBrowser-Server failed to respond ip- -773974926
[0654.78] SteamInfo: ROServerBrowser-Server failed to respond ip- 1815967251
[0655.29] SteamInfo: ROServerBrowser-Server failed to respond ip- 1438872250
[0655.29] SteamInfo: ROServerBrowser-Server failed to respond ip- 1607719281
[0655.34] SteamInfo: ROServerBrowser-Server failed to respond ip- 1359010229
[0655.74] SteamInfo: ROServerBrowser-Server failed to respond ip- 1504966554
[0655.82] SteamInfo: ROServerBrowser-Server failed to respond ip- -561588886
[0655.95] SteamInfo: ROServerBrowser-Server failed to respond ip- 737517834
[0754.43] Warning: InsertScene: Duplicate scene tag (ROUIScene_ConnectingAndDownloading) detected: NewScene 'ROUISceneConnecting ROGameMenus.MainMenu.ROUIScene_ConnectingAndDownloading' ExistingScene 'ROUISceneConnecting Transient.ROUIScene_ConnectingAndDownloading_0'
[0755.69] DevMemory: Virtual  memory allocation size: 215.00 MByte (225443840 Bytes)
[0772.92] Warning: Failed to find function StandToProneComplete for timer in actor RSAlliedPawnUSMCLevel2Rifleman_1
[0808.39] Warning: ParticleSystemComponent_69 (template: FX_RS_WEP_Gun.ShellEjects.FX_Wep_A_ShellEject_PhysX_USA_SpringfieldM1903A1) needs update but can't be because it's in TG_DuringAsnycWork and indirectly attached!
[0814.59] Warning: ParticleSystemComponent_30 (template: FX_RS_WEP_Gun.ShellEjects.FX_Wep_A_ShellEject_PhysX_JAP_Type38) needs update but can't be because it's in TG_DuringAsnycWork and indirectly attached!
[0817.06] Warning: ParticleSystemComponent_69 (template: FX_RS_WEP_Gun.ShellEjects.FX_Wep_A_ShellEject_PhysX_USA_SpringfieldM1903A1) needs update but can't be because it's in TG_DuringAsnycWork and indirectly attached!
[0821.06] Warning: ParticleSystemComponent_145 (template: FX_RS_WEP_Gun.ShellEjects.FX_Wep_A_ShellEject_PhysX_USA_SpringfieldM1903A1) needs update but can't be because it's in TG_DuringAsnycWork and indirectly attached!
[0822.91] Warning: ParticleSystemComponent_146 (template: FX_RS_WEP_Gun.ShellEjects.FX_Wep_A_ShellEject_PhysX_USA_SpringfieldM1903A1) needs update but can't be because it's in TG_DuringAsnycWork and indirectly attached!
[0824.31] Warning: ParticleSystemComponent_30 (template: FX_RS_WEP_Gun.ShellEjects.FX_Wep_A_ShellEject_PhysX_JAP_Type38) needs update but can't be because it's in TG_DuringAsnycWork and indirectly attached!
[0827.91] Warning: ParticleSystemComponent_150 (template: FX_RS_WEP_Gun.ShellEjects.FX_Wep_A_ShellEject_PhysX_JAP_Type38) needs update but can't be because it's in TG_DuringAsnycWork and indirectly attached!
[0828.41] Warning: ParticleSystemComponent_30 (template: FX_RS_WEP_Gun.ShellEjects.FX_Wep_A_ShellEject_PhysX_JAP_Type38) needs update but can't be because it's in TG_DuringAsnycWork and indirectly attached!
[0828.47] Warning: ParticleSystemComponent_146 (template: FX_RS_WEP_Gun.ShellEjects.FX_Wep_A_ShellEject_PhysX_USA_SpringfieldM1903A1) needs update but can't be because it's in TG_DuringAsnycWork and indirectly attached!
[0869.16] Warning: Failed to find function StandToProneComplete for timer in actor RSAlliedPawnUSMCLevel1Flamethrower_6
[0870.69] Warning: ROParticleSystemComponent_183 (template: None) needs update but can't be because it's in TG_DuringAsnycWork and indirectly attached!
[0870.69] Warning: ROParticleSystemComponent_183 (template: FX_RS_WEP_Gun.ShellEjects.FX_Wep_A_ShellEject_PhysX_JAP_Type38) needs update but can't be because it's in TG_DuringAsnycWork and indirectly attached!
[0875.59] Warning: ParticleSystemComponent_156 (template: FX_RS_WEP_Gun.ShellEjects.FX_Wep_A_ShellEject_PhysX_JAP_Type38) needs update but can't be because it's in TG_DuringAsnycWork and indirectly attached!
[0879.23] Warning: ROParticleSystemComponent_183 (template: FX_RS_WEP_Gun.ShellEjects.FX_Wep_A_ShellEject_PhysX_JAP_Type38) needs update but can't be because it's in TG_DuringAsnycWork and indirectly attached!
[0886.51] Warning: ROParticleSystemComponent_183 (template: FX_RS_WEP_Gun.ShellEjects.FX_Wep_A_ShellEject_PhysX_JAP_Type38) needs update but can't be because it's in TG_DuringAsnycWork and indirectly attached!
[0894.84] Warning: ParticleSystemComponent_246 (template: FX_RS_WEP_Gun.ShellEjects.FX_Wep_A_ShellEject_PhysX_USA_SpringfieldM1903A1) needs update but can't be because it's in TG_DuringAsnycWork and indirectly attached!
[0897.50] Warning: ParticleSystemComponent_256 (template: FX_RS_WEP_Gun.ShellEjects.FX_Wep_A_ShellEject_PhysX_JAP_Type38) needs update but can't be because it's in TG_DuringAsnycWork and indirectly attached!
[0900.04] Warning: ParticleSystemComponent_256 (template: FX_RS_WEP_Gun.ShellEjects.FX_Wep_A_ShellEject_PhysX_JAP_Type38) needs update but can't be because it's in TG_DuringAsnycWork and indirectly attached!
[0901.47] Warning: ParticleSystemComponent_246 (template: FX_RS_WEP_Gun.ShellEjects.FX_Wep_A_ShellEject_PhysX_USA_SpringfieldM1903A1) needs update but can't be because it's in TG_DuringAsnycWork and indirectly attached!
[0902.20] Warning: ParticleSystemComponent_156 (template: FX_RS_WEP_Gun.ShellEjects.FX_Wep_A_ShellEject_PhysX_JAP_Type38) needs update but can't be because it's in TG_DuringAsnycWork and indirectly attached!
[0904.27] Warning: ParticleSystemComponent_213 (template: FX_RS_WEP_Gun.ShellEjects.FX_Wep_A_ShellEject_PhysX_JAP_Type38) needs update but can't be because it's in TG_DuringAsnycWork and indirectly attached!
[0906.97] Warning: ParticleSystemComponent_246 (template: FX_RS_WEP_Gun.ShellEjects.FX_Wep_A_ShellEject_PhysX_USA_SpringfieldM1903A1) needs update but can't be because it's in TG_DuringAsnycWork and indirectly attached!
[0910.28] Warning: ParticleSystemComponent_296 (template: FX_RS_WEP_Gun.ShellEjects.FX_Wep_A_ShellEject_PhysX_USA_SpringfieldM1903A1) needs update but can't be because it's in TG_DuringAsnycWork and indirectly attached!
[0915.82] Warning: ROParticleSystemComponent_183 (template: FX_RS_WEP_Gun.ShellEjects.FX_Wep_A_ShellEject_PhysX_JAP_Type38) needs update but can't be because it's in TG_DuringAsnycWork and indirectly attached!
[0918.77] Warning: Spatialisation on stereo and multichannel sounds is not supported (SMG_MP40_Indoor_Small)
[0918.81] Warning: Spatialisation on stereo and multichannel sounds is not supported (SMG_MP40_Indoor_Small)
[0918.83] Warning: Spatialisation on stereo and multichannel sounds is not supported (SMG_MP40_Indoor_Small)
[0918.86] Warning: Spatialisation on stereo and multichannel sounds is not supported (SMG_MP40_Indoor_Small)
[0918.89] Warning: Spatialisation on stereo and multichannel sounds is not supported (SMG_MP40_Indoor_Small)
[0918.93] Warning: Spatialisation on stereo and multichannel sounds is not supported (SMG_MP40_Indoor_Small)
[0918.95] Warning: Spatialisation on stereo and multichannel sounds is not supported (SMG_MP40_Indoor_Small)
[0918.99] Warning: Spatialisation on stereo and multichannel sounds is not supported (SMG_MP40_Indoor_Small)
[0919.02] Warning: Spatialisation on stereo and multichannel sounds is not supported (SMG_MP40_Indoor_Small)
[0919.05] Warning: Spatialisation on stereo and multichannel sounds is not supported (SMG_MP40_Indoor_Small)
[0919.09] Warning: Spatialisation on stereo and multichannel sounds is not supported (SMG_MP40_Indoor_Small)
[0919.13] Warning: Spatialisation on stereo and multichannel sounds is not supported (SMG_MP40_Indoor_Small)
[0919.16] Warning: Spatialisation on stereo and multichannel sounds is not supported (SMG_MP40_Indoor_Small)
[0919.20] Warning: Spatialisation on stereo and multichannel sounds is not supported (SMG_MP40_Indoor_Small)
[0919.24] Warning: Spatialisation on stereo and multichannel sounds is not supported (SMG_MP40_Indoor_Small)
[0919.27] Warning: Spatialisation on stereo and multichannel sounds is not supported (SMG_MP40_Indoor_Small)
[0919.27] Warning: Spatialisation on stereo and multichannel sounds is not supported (SMG_MP40_Indoor_Small)
[0919.31] Warning: Spatialisation on stereo and multichannel sounds is not supported (SMG_MP40_Indoor_Small)
[0919.31] Warning: Spatialisation on stereo and multichannel sounds is not supported (SMG_MP40_Indoor_Small)
[0919.34] Warning: Spatialisation on stereo and multichannel sounds is not supported (SMG_MP40_Indoor_Small)
[0919.34] Warning: Spatialisation on stereo and multichannel sounds is not supported (SMG_MP40_Indoor_Small)
[0919.37] Warning: Spatialisation on stereo and multichannel sounds is not supported (SMG_MP40_Indoor_Small)
[0919.37] Warning: Spatialisation on stereo and multichannel sounds is not supported (SMG_MP40_Indoor_Small)
[0919.40] Warning: Spatialisation on stereo and multichannel sounds is not supported (SMG_MP40_Indoor_Small)
[0919.40] Warning: Spatialisation on stereo and multichannel sounds is not supported (SMG_MP40_Indoor_Small)
[0919.43] Warning: Spatialisation on stereo and multichannel sounds is not supported (SMG_MP40_Indoor_Small)
[0919.43] Warning: Spatialisation on stereo and multichannel sounds is not supported (SMG_MP40_Indoor_Small)
[0919.46] Warning: Spatialisation on stereo and multichannel sounds is not supported (SMG_MP40_Indoor_Small)
[0919.46] Warning: Spatialisation on stereo and multichannel sounds is not supported (SMG_MP40_Indoor_Small)
[0919.49] Warning: Spatialisation on stereo and multichannel sounds is not supported (SMG_MP40_Indoor_Small)
[0919.49] Warning: Spatialisation on stereo and multichannel sounds is not supported (SMG_MP40_Indoor_Small)
[0919.52] Warning: Spatialisation on stereo and multichannel sounds is not supported (SMG_MP40_Indoor_Small)
[0919.52] Warning: Spatialisation on stereo and multichannel sounds is not supported (SMG_MP40_Indoor_Small)
[0919.57] Warning: Spatialisation on stereo and multichannel sounds is not supported (SMG_MP40_Indoor_Small)
[0919.59] Warning: Spatialisation on stereo and multichannel sounds is not supported (SMG_MP40_Indoor_Small)
[0919.61] Warning: Spatialisation on stereo and multichannel sounds is not supported (SMG_MP40_Indoor_Small)
[0919.64] Warning: Spatialisation on stereo and multichannel sounds is not supported (SMG_MP40_Indoor_Small)
[0919.68] Warning: Spatialisation on stereo and multichannel sounds is not supported (SMG_MP40_Indoor_Small)
[0919.71] Warning: Spatialisation on stereo and multichannel sounds is not supported (SMG_MP40_Indoor_Small)
[0919.74] Warning: Spatialisation on stereo and multichannel sounds is not supported (SMG_MP40_Indoor_Small)
[0919.74] Warning: Spatialisation on stereo and multichannel sounds is not supported (SMG_MP40_Indoor_Small)
[0919.77] Warning: Spatialisation on stereo and multichannel sounds is not supported (SMG_MP40_Indoor_Small)
[0919.77] Warning: Spatialisation on stereo and multichannel sounds is not supported (SMG_MP40_Indoor_Small)
[0919.80] Warning: Spatialisation on stereo and multichannel sounds is not supported (SMG_MP40_Indoor_Small)
[0919.80] Warning: Spatialisation on stereo and multichannel sounds is not supported (SMG_MP40_Indoor_Small)
[0919.83] Warning: Spatialisation on stereo and multichannel sounds is not supported (SMG_MP40_Indoor_Small)
[0919.83] Warning: Spatialisation on stereo and multichannel sounds is not supported (SMG_MP40_Indoor_Small)
[0919.87] Warning: Spatialisation on stereo and multichannel sounds is not supported (SMG_MP40_Indoor_Small)
[0919.87] Warning: Spatialisation on stereo and multichannel sounds is not supported (SMG_MP40_Indoor_Small)
[0919.90] Warning: Spatialisation on stereo and multichannel sounds is not supported (SMG_MP40_Indoor_Small)
[0919.90] Warning: Spatialisation on stereo and multichannel sounds is not supported (SMG_MP40_Indoor_Small)
[0919.93] Warning: Spatialisation on stereo and multichannel sounds is not supported (SMG_MP40_Indoor_Small)
[0919.93] Warning: Spatialisation on stereo and multichannel sounds is not supported (SMG_MP40_Indoor_Small)
[0919.96] Warning: Spatialisation on stereo and multichannel sounds is not supported (SMG_MP40_Indoor_Small)
[0919.96] Warning: Spatialisation on stereo and multichannel sounds is not supported (SMG_MP40_Indoor_Small)
[0919.99] Warning: Spatialisation on stereo and multichannel sounds is not supported (SMG_MP40_Indoor_Small)
[0919.99] Warning: Spatialisation on stereo and multichannel sounds is not supported (SMG_MP40_Indoor_Small)
[0920.02] Warning: Spatialisation on stereo and multichannel sounds is not supported (SMG_MP40_Indoor_Small)
[0920.03] Warning: Spatialisation on stereo and multichannel sounds is not supported (SMG_MP40_Indoor_Small)
[0920.06] Warning: Spatialisation on stereo and multichannel sounds is not supported (SMG_MP40_Indoor_Small)
[0920.06] Warning: Spatialisation on stereo and multichannel sounds is not supported (SMG_MP40_Indoor_Small)
[0920.08] Warning: Spatialisation on stereo and multichannel sounds is not supported (SMG_MP40_Indoor_Small)
[0920.11] Warning: Spatialisation on stereo and multichannel sounds is not supported (SMG_MP40_Indoor_Small)
[0920.16] Warning: Spatialisation on stereo and multichannel sounds is not supported (SMG_MP40_Indoor_Small)
[0920.18] Warning: Spatialisation on stereo and multichannel sounds is not supported (SMG_MP40_Indoor_Small)
[0920.21] Warning: Spatialisation on stereo and multichannel sounds is not supported (SMG_MP40_Indoor_Small)
[0920.24] Warning: Spatialisation on stereo and multichannel sounds is not supported (SMG_MP40_Indoor_Small)
[0920.27] Warning: Spatialisation on stereo and multichannel sounds is not supported (SMG_MP40_Indoor_Small)
[0920.31] Warning: Spatialisation on stereo and multichannel sounds is not supported (SMG_MP40_Indoor_Small)
[0920.34] Warning: Spatialisation on stereo and multichannel sounds is not supported (SMG_MP40_Indoor_Small)
[0920.37] Warning: Spatialisation on stereo and multichannel sounds is not supported (SMG_MP40_Indoor_Small)
[0920.41] Warning: Spatialisation on stereo and multichannel sounds is not supported (SMG_MP40_Indoor_Small)
[0920.45] Warning: Spatialisation on stereo and multichannel sounds is not supported (SMG_MP40_Indoor_Small)
[0920.48] Warning: Spatialisation on stereo and multichannel sounds is not supported (SMG_MP40_Indoor_Small)
[0920.48] Warning: Spatialisation on stereo and multichannel sounds is not supported (SMG_MP40_Indoor_Small)
[0920.51] Warning: Spatialisation on stereo and multichannel sounds is not supported (SMG_MP40_Indoor_Small)
[0920.51] Warning: Spatialisation on stereo and multichannel sounds is not supported (SMG_MP40_Indoor_Small)
[0920.56] Warning: Spatialisation on stereo and multichannel sounds is not supported (SMG_MP40_Indoor_Small)
[0920.61] Warning: Spatialisation on stereo and multichannel sounds is not supported (SMG_MP40_Indoor_Small)
[0920.63] Warning: Spatialisation on stereo and multichannel sounds is not supported (SMG_MP40_Indoor_Small)
[0920.70] Warning: Spatialisation on stereo and multichannel sounds is not supported (SMG_MP40_Indoor_Small)
[0920.73] Warning: Spatialisation on stereo and multichannel sounds is not supported (SMG_MP40_Indoor_Small)
[0920.77] Warning: Spatialisation on stereo and multichannel sounds is not supported (SMG_MP40_Indoor_Small)
[0920.80] Warning: Spatialisation on stereo and multichannel sounds is not supported (SMG_MP40_Indoor_Small)
[0920.85] Warning: Spatialisation on stereo and multichannel sounds is not supported (SMG_MP40_Indoor_Small)
[0920.87] Warning: Spatialisation on stereo and multichannel sounds is not supported (SMG_MP40_Indoor_Small)
[0920.91] Warning: Spatialisation on stereo and multichannel sounds is not supported (SMG_MP40_Indoor_Small)
[0920.95] Warning: Spatialisation on stereo and multichannel sounds is not supported (SMG_MP40_Indoor_Small)
[0921.00] Warning: Spatialisation on stereo and multichannel sounds is not supported (SMG_MP40_Indoor_Small)
[0921.03] Warning: Spatialisation on stereo and multichannel sounds is not supported (SMG_MP40_Indoor_Small)
[0921.06] Warning: Spatialisation on stereo and multichannel sounds is not supported (SMG_MP40_Indoor_Small)
[0921.10] Warning: Spatialisation on stereo and multichannel sounds is not supported (SMG_MP40_Indoor_Small)
[0921.13] Warning: Spatialisation on stereo and multichannel sounds is not supported (SMG_MP40_Indoor_Small)
[0921.17] Warning: Spatialisation on stereo and multichannel sounds is not supported (SMG_MP40_Indoor_Small)
[0921.21] Warning: Spatialisation on stereo and multichannel sounds is not supported (SMG_MP40_Indoor_Small)
[0921.24] Warning: Spatialisation on stereo and multichannel sounds is not supported (SMG_MP40_Indoor_Small)
[0921.28] Warning: Spatialisation on stereo and multichannel sounds is not supported (SMG_MP40_Indoor_Small)
[0929.53] Warning: ROParticleSystemComponent_183 (template: FX_RS_WEP_Gun.ShellEjects.FX_Wep_A_ShellEject_PhysX_JAP_Type38) needs update but can't be because it's in TG_DuringAsnycWork and indirectly attached!
[0933.05] Warning: ROParticleSystemComponent_183 (template: FX_RS_WEP_Gun.ShellEjects.FX_Wep_A_ShellEject_PhysX_JAP_Type38) needs update but can't be because it's in TG_DuringAsnycWork and indirectly attached!
[0965.71] Warning: Failed to find function CrouchToProneComplete for timer in actor RSAlliedPawnUSMCLevel6AutomaticRifleman_4
[0972.31] Warning: Failed to find function PhysicsTimeout for timer in actor RODroppedPickup_42
[0972.43] Warning: Failed to find function PhysicsTimeout for timer in actor RODroppedPickup_44
[1003.00] Warning: ParticleSystemComponent_448 (template: FX_RS_WEP_Gun.ShellEjects.FX_Wep_A_ShellEject_PhysX_JAP_Type38) needs update but can't be because it's in TG_DuringAsnycWork and indirectly attached!
[1003.94] Warning: ParticleSystemComponent_447 (template: FX_RS_WEP_Gun.ShellEjects.FX_Wep_A_ShellEject_PhysX_JAP_Type38) needs update but can't be because it's in TG_DuringAsnycWork and indirectly attached!
[1005.19] Warning: ParticleSystemComponent_457 (template: FX_RS_WEP_Gun.ShellEjects.FX_Wep_A_ShellEject_PhysX_USA_SpringfieldM1903A1) needs update but can't be because it's in TG_DuringAsnycWork and indirectly attached!
[1006.02] Warning: ParticleSystemComponent_400 (template: FX_RS_WEP_Gun.ShellEjects.FX_Wep_A_ShellEject_PhysX_JAP_Type38) needs update but can't be because it's in TG_DuringAsnycWork and indirectly attached!
[1006.42] Warning: ParticleSystemComponent_468 (template: FX_RS_WEP_Gun.ShellEjects.FX_Wep_A_ShellEject_PhysX_JAP_Type38) needs update but can't be because it's in TG_DuringAsnycWork and indirectly attached!
[1006.73] Warning: ParticleSystemComponent_461 (template: FX_RS_WEP_Gun.ShellEjects.FX_Wep_A_ShellEject_PhysX_USA_SpringfieldM1903A1) needs update but can't be because it's in TG_DuringAsnycWork and indirectly attached!
[1007.06] Warning: ParticleSystemComponent_431 (template: FX_RS_WEP_Gun.ShellEjects.FX_Wep_A_ShellEject_PhysX_JAP_Type38) needs update but can't be because it's in TG_DuringAsnycWork and indirectly attached!
[1007.80] Warning: ParticleSystemComponent_400 (template: FX_RS_WEP_Gun.ShellEjects.FX_Wep_A_ShellEject_PhysX_JAP_Type38) needs update but can't be because it's in TG_DuringAsnycWork and indirectly attached!
[1008.08] Warning: ParticleSystemComponent_436 (template: FX_RS_WEP_Gun.ShellEjects.FX_Wep_A_ShellEject_PhysX_JAP_Type38) needs update but can't be because it's in TG_DuringAsnycWork and indirectly attached!
[1010.12] Warning: ParticleSystemComponent_400 (template: FX_RS_WEP_Gun.ShellEjects.FX_Wep_A_ShellEject_PhysX_JAP_Type38) needs update but can't be because it's in TG_DuringAsnycWork and indirectly attached!
[1014.96] Warning: ParticleSystemComponent_431 (template: FX_RS_WEP_Gun.ShellEjects.FX_Wep_A_ShellEject_PhysX_JAP_Type38) needs update but can't be because it's in TG_DuringAsnycWork and indirectly attached!
[1025.63] Warning: Failed to find function CrouchToProneComplete for timer in actor RSAxisPawnIJALevel2Rifleman_6
[1030.47] Warning: Failed to find function StandToProneComplete for timer in actor RSAlliedPawnUSMCLevel1Rifleman_30
[1033.60] Warning: Failed to find function StandToProneComplete for timer in actor RSAlliedPawnUSMCLevel1Sniper_2
[1033.66] Warning: Failed to find notify Prone_TO_Stand_rifle on RSAlliedPawnUSMCLevel1Sniper_2
[1043.36] Warning: ParticleSystemComponent_575 (template: FX_RS_WEP_Gun.ShellEjects.FX_Wep_A_ShellEject_PhysX_USA_SpringfieldM1903A1) needs update but can't be because it's in TG_DuringAsnycWork and indirectly attached!
[1043.53] Warning: Failed to find function CrouchToProneComplete for timer in actor RSAxisPawnIJALevel2Rifleman_5
[1044.50] Warning: ParticleSystemComponent_583 (template: FX_RS_WEP_Gun.ShellEjects.FX_Wep_A_ShellEject_PhysX_USA_SpringfieldM1903A1) needs update but can't be because it's in TG_DuringAsnycWork and indirectly attached!
[1047.79] Warning: ParticleSystemComponent_575 (template: FX_RS_WEP_Gun.ShellEjects.FX_Wep_A_ShellEject_PhysX_USA_SpringfieldM1903A1) needs update but can't be because it's in TG_DuringAsnycWork and indirectly attached!
[1066.06] Warning: ParticleSystemComponent_599 (template: FX_RS_WEP_Gun.ShellEjects.FX_Wep_A_ShellEject_PhysX_USA_SpringfieldM1903A1) needs update but can't be because it's in TG_DuringAsnycWork and indirectly attached!
[1066.94] Warning: ParticleSystemComponent_596 (template: FX_RS_WEP_Gun.ShellEjects.FX_Wep_A_ShellEject_PhysX_JAP_Type38) needs update but can't be because it's in TG_DuringAsnycWork and indirectly attached!
[1068.15] Warning: ParticleSystemComponent_586 (template: FX_RS_WEP_Gun.ShellEjects.FX_Wep_A_ShellEject_PhysX_JAP_Type38) needs update but can't be because it's in TG_DuringAsnycWork and indirectly attached!
[1073.66] Warning: ParticleSystemComponent_624 (template: FX_RS_WEP_Gun.ShellEjects.FX_Wep_A_ShellEject_PhysX_JAP_Type38) needs update but can't be because it's in TG_DuringAsnycWork and indirectly attached!
[1075.09] Warning: ParticleSystemComponent_616 (template: FX_RS_WEP_Gun.ShellEjects.FX_Wep_A_ShellEject_PhysX_JAP_Type38) needs update but can't be because it's in TG_DuringAsnycWork and indirectly attached!
[1080.77] Warning: ParticleSystemComponent_636 (template: FX_RS_WEP_Gun.ShellEjects.FX_Wep_A_ShellEject_PhysX_JAP_Type38) needs update but can't be because it's in TG_DuringAsnycWork and indirectly attached!
[1085.96] Warning: ParticleSystemComponent_596 (template: FX_RS_WEP_Gun.ShellEjects.FX_Wep_A_ShellEject_PhysX_JAP_Type38) needs update but can't be because it's in TG_DuringAsnycWork and indirectly attached!
[1087.73] Exit: Preparing to exit.
[1088.50] NetComeGo: Close TcpNetDriver_0 TcpipConnection_0 109.70.149.165:7817 11/30/16 21:39:23
[1088.76] Exit: Game engine shut down
[1088.97] Exit: TcpNetDriver_0 shut down
[1089.08] Exit: Windows client shut down
[1089.09] Exit: XAudio2 Device shut down.
[1089.56] Exit: Object subsystem successfully closed.
[1089.64] DevDataBase: Spent 0.000035 seconds communicating with "Provider=sqloledb;Data Source=production-db;Initial Catalog=EngineTaskPerf;Trusted_Connection=Yes;Connection Timeout=2" or "10.1.20.20"
[1089.64] Exit: Exiting.
