Log: Log file open, 11/28/16 21:55:06
Init: Memory Profiling : Disabled
Init: WinSock: version 1.1 (2.2), MaxSocks=128, MaxUdp=1024
Log:  ... running in INSTALLED mode
Init: Version: 7258
Init: Epic Internal: 0
Init: Compiled (32-bit): Oct 14 2015 15:31:40
Init: Changelist: 641002
Init: Command line: -csmt activated
Init: Base directory: C:\Program Files\Steam\steamapps\common\Red Orchestra 2\Binaries\Win32\
[0000.08] Init: Computer: pc
[0000.08] Init: User: cory
[0000.08] Init: CPU Page size=4096, Processors=4
[0000.08] Init: High frequency timer resolution =10.000000 MHz
[0000.08] Init: Memory total: Physical=7.7GB Pagefile=8.7GB Virtual=4.0GB
[0000.24] Log: STEAMWORKS initialized 1
[0000.28] Init: WinSock: I am pc (146.229.241.49:0)
[0000.28] Init: Presizing for 0 objects not considered by GC, pre-allocating 0 bytes.
[0000.28] Init: Object subsystem initialized
[0000.30] DevDataBase: Connection to "Provider=sqloledb;Data Source=production-db;Initial Catalog=EngineTaskPerf;Trusted_Connection=Yes;Connection Timeout=2" or "10.1.20.20" failed
[0010.49] Warning: Warning, Failed to load 'Texture2D EngineMaterials.RandomMirrorDisc': Failed to find object 'Texture2D EngineMaterials.RandomMirrorDisc'
[0012.16] DevMemory: Virtual  memory allocation size: 210.98 MByte (221224960 Bytes)
[0077.10] SteamInfo: ROServerBrowser-Server responded
[0077.12] SteamInfo: ROServerBrowser-Server responded
[0077.13] SteamInfo: ROServerBrowser-Server responded
[0077.14] SteamInfo: ROServerBrowser-Server responded
[0077.15] SteamInfo: ROServerBrowser-Server responded
[0077.16] SteamInfo: ROServerBrowser-Server responded
[0077.18] SteamInfo: ROServerBrowser-Server responded
[0077.19] SteamInfo: ROServerBrowser-Server responded
[0077.20] SteamInfo: ROServerBrowser-Server responded
[0077.21] SteamInfo: ROServerBrowser-Server responded
[0077.22] SteamInfo: ROServerBrowser-Server responded
[0077.23] SteamInfo: ROServerBrowser-Server responded
[0077.24] SteamInfo: ROServerBrowser-Server responded
[0077.25] SteamInfo: ROServerBrowser-Server responded
[0077.26] SteamInfo: ROServerBrowser-Server responded
[0077.27] SteamInfo: ROServerBrowser-Server responded
[0077.27] SteamInfo: ROServerBrowser-Server responded
[0077.28] SteamInfo: ROServerBrowser-Server responded
[0077.29] SteamInfo: ROServerBrowser-Server responded
[0077.32] SteamInfo: ROServerBrowser-Server responded
[0077.33] SteamInfo: ROServerBrowser-Server responded
[0077.33] SteamInfo: ROServerBrowser-Server responded
[0077.37] SteamInfo: ROServerBrowser-Server responded
[0077.39] SteamInfo: ROServerBrowser-Server responded
[0077.40] SteamInfo: ROServerBrowser-Server responded
[0077.41] SteamInfo: ROServerBrowser-Server responded
[0077.42] SteamInfo: ROServerBrowser-Server responded
[0077.44] SteamInfo: ROServerBrowser-Server responded
[0077.45] SteamInfo: ROServerBrowser-Server responded
[0077.46] SteamInfo: ROServerBrowser-Server responded
[0077.47] SteamInfo: ROServerBrowser-Server responded
[0077.47] SteamInfo: ROServerBrowser-Server responded
[0077.48] SteamInfo: ROServerBrowser-Server responded
[0077.49] SteamInfo: ROServerBrowser-Server responded
[0077.50] SteamInfo: ROServerBrowser-Server responded
[0077.51] SteamInfo: ROServerBrowser-Server responded
[0077.52] SteamInfo: ROServerBrowser-Server responded
[0077.53] SteamInfo: ROServerBrowser-Server responded
[0077.54] SteamInfo: ROServerBrowser-Server responded
[0077.55] SteamInfo: ROServerBrowser-Server responded
[0077.56] SteamInfo: ROServerBrowser-Server responded
[0077.57] SteamInfo: ROServerBrowser-Server responded
[0077.58] SteamInfo: ROServerBrowser-Server responded
[0077.59] SteamInfo: ROServerBrowser-Server responded
[0077.61] SteamInfo: ROServerBrowser-Server responded
[0077.62] SteamInfo: ROServerBrowser-Server responded
[0077.63] SteamInfo: ROServerBrowser-Server responded
[0077.64] SteamInfo: ROServerBrowser-Server responded
[0077.65] SteamInfo: ROServerBrowser-Server responded
[0077.67] SteamInfo: ROServerBrowser-Server responded
[0077.71] SteamInfo: ROServerBrowser-Server responded
[0077.71] SteamInfo: ROServerBrowser-Server responded
[0077.73] SteamInfo: ROServerBrowser-Server responded
[0077.74] SteamInfo: ROServerBrowser-Server responded
[0077.75] SteamInfo: ROServerBrowser-Server responded
[0077.75] SteamInfo: ROServerBrowser-Server responded
[0077.77] SteamInfo: ROServerBrowser-Server responded
[0077.77] SteamInfo: ROServerBrowser-Server responded
[0077.78] SteamInfo: ROServerBrowser-Server responded
[0077.78] SteamInfo: ROServerBrowser-Server responded
[0077.79] SteamInfo: ROServerBrowser-Server responded
[0077.80] SteamInfo: ROServerBrowser-Server responded
[0077.81] SteamInfo: ROServerBrowser-Server responded
[0077.82] SteamInfo: ROServerBrowser-Server responded
[0077.83] SteamInfo: ROServerBrowser-Server responded
[0077.84] SteamInfo: ROServerBrowser-Server responded
[0077.85] SteamInfo: ROServerBrowser-Server responded
[0077.86] SteamInfo: ROServerBrowser-Server responded
[0077.87] SteamInfo: ROServerBrowser-Server responded
[0077.88] SteamInfo: ROServerBrowser-Server responded
[0077.89] SteamInfo: ROServerBrowser-Server responded
[0077.90] SteamInfo: ROServerBrowser-Server responded
[0077.91] SteamInfo: ROServerBrowser-Server responded
[0077.92] SteamInfo: ROServerBrowser-Server responded
[0077.93] SteamInfo: ROServerBrowser-Server responded
[0077.94] SteamInfo: ROServerBrowser-Server responded
[0077.95] SteamInfo: ROServerBrowser-Server responded
[0077.95] SteamInfo: ROServerBrowser-Server responded
[0077.96] SteamInfo: ROServerBrowser-Server responded
[0077.97] SteamInfo: ROServerBrowser-Server responded
[0077.99] SteamInfo: ROServerBrowser-Server responded
[0078.00] SteamInfo: ROServerBrowser-Server responded
[0078.00] SteamInfo: ROServerBrowser-Server responded
[0078.00] SteamInfo: ROServerBrowser-Server responded
[0078.01] SteamInfo: ROServerBrowser-Server responded
[0078.01] SteamInfo: ROServerBrowser-Server responded
[0078.02] SteamInfo: ROServerBrowser-Server responded
[0078.03] SteamInfo: ROServerBrowser-Server responded
[0078.04] SteamInfo: ROServerBrowser-Server responded
[0078.05] SteamInfo: ROServerBrowser-Server responded
[0078.06] SteamInfo: ROServerBrowser-Server responded
[0078.06] SteamInfo: ROServerBrowser-Server responded
[0078.07] SteamInfo: ROServerBrowser-Server responded
[0078.08] SteamInfo: ROServerBrowser-Server responded
[0078.14] SteamInfo: ROServerBrowser-Server responded
[0078.20] SteamInfo: ROServerBrowser-Server responded
[0078.21] SteamInfo: ROServerBrowser-Server responded
[0078.25] SteamInfo: ROServerBrowser-Server responded
[0078.26] SteamInfo: ROServerBrowser-Server responded
[0078.27] SteamInfo: ROServerBrowser-Server responded
[0078.28] SteamInfo: ROServerBrowser-Server responded
[0078.29] SteamInfo: ROServerBrowser-Server responded
[0078.30] SteamInfo: ROServerBrowser-Server responded
[0078.31] SteamInfo: ROServerBrowser-Server responded
[0078.32] SteamInfo: ROServerBrowser-Server responded
[0078.32] SteamInfo: ROServerBrowser-Server responded
[0078.32] SteamInfo: ROServerBrowser-Server responded
[0078.34] SteamInfo: ROServerBrowser-Server responded
[0078.36] SteamInfo: ROServerBrowser-Server responded
[0078.36] SteamInfo: ROServerBrowser-Server responded
[0078.37] SteamInfo: ROServerBrowser-Server responded
[0078.38] SteamInfo: ROServerBrowser-Server responded
[0078.38] SteamInfo: ROServerBrowser-Server responded
[0078.39] SteamInfo: ROServerBrowser-Server responded
[0078.40] SteamInfo: ROServerBrowser-Server responded
[0078.40] SteamInfo: ROServerBrowser-Server responded
[0078.41] SteamInfo: ROServerBrowser-Server responded
[0078.42] SteamInfo: ROServerBrowser-Server responded
[0078.42] SteamInfo: ROServerBrowser-Server responded
[0078.43] SteamInfo: ROServerBrowser-Server responded
[0078.43] SteamInfo: ROServerBrowser-Server responded
[0078.44] SteamInfo: ROServerBrowser-Server responded
[0078.45] SteamInfo: ROServerBrowser-Server responded
[0078.46] SteamInfo: ROServerBrowser-Server responded
[0078.47] SteamInfo: ROServerBrowser-Server responded
[0078.48] SteamInfo: ROServerBrowser-Server responded
[0078.49] SteamInfo: ROServerBrowser-Server responded
[0078.50] SteamInfo: ROServerBrowser-Server responded
[0078.51] SteamInfo: ROServerBrowser-Server responded
[0078.52] SteamInfo: ROServerBrowser-Server responded
[0078.53] SteamInfo: ROServerBrowser-Server responded
[0078.54] SteamInfo: ROServerBrowser-Server responded
[0078.56] SteamInfo: ROServerBrowser-Server responded
[0078.56] SteamInfo: ROServerBrowser-Server responded
[0078.57] SteamInfo: ROServerBrowser-Server responded
[0078.70] SteamInfo: ROServerBrowser-Server responded
[0078.73] SteamInfo: ROServerBrowser-Server responded
[0078.74] SteamInfo: ROServerBrowser-Server responded
[0078.74] SteamInfo: ROServerBrowser-Server responded
[0078.74] SteamInfo: ROServerBrowser-Server responded
[0078.74] SteamInfo: ROServerBrowser-Server responded
[0078.75] SteamInfo: ROServerBrowser-Server responded
[0078.76] SteamInfo: ROServerBrowser-Server responded
[0078.77] SteamInfo: ROServerBrowser-Server responded
[0078.77] SteamInfo: ROServerBrowser-Server responded
[0078.78] SteamInfo: ROServerBrowser-Server responded
[0078.78] SteamInfo: ROServerBrowser-Server responded
[0078.79] SteamInfo: ROServerBrowser-Server responded
[0078.79] SteamInfo: ROServerBrowser-Server responded
[0078.79] SteamInfo: ROServerBrowser-Server responded
[0078.79] SteamInfo: ROServerBrowser-Server responded
[0078.80] SteamInfo: ROServerBrowser-Server responded
[0078.80] SteamInfo: ROServerBrowser-Server responded
[0078.81] SteamInfo: ROServerBrowser-Server responded
[0078.81] SteamInfo: ROServerBrowser-Server responded
[0078.81] SteamInfo: ROServerBrowser-Server responded
[0078.83] SteamInfo: ROServerBrowser-Server responded
[0078.84] SteamInfo: ROServerBrowser-Server responded
[0078.85] SteamInfo: ROServerBrowser-Server responded
[0078.86] SteamInfo: ROServerBrowser-Server responded
[0078.87] SteamInfo: ROServerBrowser-Server responded
[0078.89] SteamInfo: ROServerBrowser-Server responded
[0078.90] SteamInfo: ROServerBrowser-Server responded
[0078.91] SteamInfo: ROServerBrowser-Server responded
[0078.92] SteamInfo: ROServerBrowser-Server responded
[0078.93] SteamInfo: ROServerBrowser-Server responded
[0078.93] SteamInfo: ROServerBrowser-Server responded
[0078.94] SteamInfo: ROServerBrowser-Server responded
[0078.95] SteamInfo: ROServerBrowser-Server responded
[0078.96] SteamInfo: ROServerBrowser-Server responded
[0078.96] SteamInfo: ROServerBrowser-Server responded
[0078.97] SteamInfo: ROServerBrowser-Server responded
[0078.98] SteamInfo: ROServerBrowser-Server responded
[0078.99] SteamInfo: ROServerBrowser-Server responded
[0079.01] SteamInfo: ROServerBrowser-Server responded
[0079.02] SteamInfo: ROServerBrowser-Server responded
[0079.03] SteamInfo: ROServerBrowser-Server responded
[0079.04] SteamInfo: ROServerBrowser-Server responded
[0079.06] SteamInfo: ROServerBrowser-Server responded
[0079.06] SteamInfo: ROServerBrowser-Server responded
[0079.07] SteamInfo: ROServerBrowser-Server responded
[0079.09] SteamInfo: ROServerBrowser-Server responded
[0079.10] SteamInfo: ROServerBrowser-Server responded
[0079.11] SteamInfo: ROServerBrowser-Server responded
[0079.12] SteamInfo: ROServerBrowser-Server responded
[0079.13] SteamInfo: ROServerBrowser-Server failed to respond ip- -1059120547
[0079.13] SteamInfo: ROServerBrowser-Server responded
[0079.15] SteamInfo: ROServerBrowser-Server responded
[0079.16] SteamInfo: ROServerBrowser-Server responded
[0079.17] SteamInfo: ROServerBrowser-Server responded
[0080.17] SteamInfo: ROServerBrowser-Server failed to respond ip- 1607719281
[0080.24] SteamInfo: ROServerBrowser-Server failed to respond ip- 1359010229
[0080.64] SteamInfo: ROServerBrowser-Server failed to respond ip- 1504966554
[0089.15] SteamInfo: ROServerBrowser-Server responded
[0094.22] Warning: InsertScene: Duplicate scene tag (ROUIScene_ConnectingAndDownloading) detected: NewScene 'ROUISceneConnecting ROGameMenus.MainMenu.ROUIScene_ConnectingAndDownloading' ExistingScene 'ROUISceneConnecting Transient.ROUIScene_ConnectingAndDownloading_0'
[0094.92] NetComeGo: Close TcpNetDriver_0 TcpipConnection_0 109.70.149.165:7777 11/28/16 21:56:40
[0095.60] Exit: TcpNetDriver_0 shut down
[0099.99] SteamInfo: ROServerBrowser-Server responded
[0099.99] SteamInfo: ROServerBrowser-Server responded
[0100.01] SteamInfo: ROServerBrowser-Server responded
[0100.01] SteamInfo: ROServerBrowser-Server responded
[0100.01] SteamInfo: ROServerBrowser-Server responded
[0100.01] SteamInfo: ROServerBrowser-Server responded
[0100.02] SteamInfo: ROServerBrowser-Server responded
[0100.03] SteamInfo: ROServerBrowser-Server responded
[0100.03] SteamInfo: ROServerBrowser-Server responded
[0100.03] SteamInfo: ROServerBrowser-Server responded
[0100.04] SteamInfo: ROServerBrowser-Server responded
[0100.04] SteamInfo: ROServerBrowser-Server responded
[0100.04] SteamInfo: ROServerBrowser-Server responded
[0100.04] SteamInfo: ROServerBrowser-Server responded
[0100.04] SteamInfo: ROServerBrowser-Server responded
[0100.05] SteamInfo: ROServerBrowser-Server responded
[0100.05] SteamInfo: ROServerBrowser-Server responded
[0100.06] SteamInfo: ROServerBrowser-Server responded
[0100.06] SteamInfo: ROServerBrowser-Server responded
[0100.09] SteamInfo: ROServerBrowser-Server responded
[0100.09] SteamInfo: ROServerBrowser-Server responded
[0100.09] SteamInfo: ROServerBrowser-Server responded
[0100.09] SteamInfo: ROServerBrowser-Server responded
[0100.09] SteamInfo: ROServerBrowser-Server responded
[0100.11] SteamInfo: ROServerBrowser-Server responded
[0100.11] SteamInfo: ROServerBrowser-Server responded
[0100.12] SteamInfo: ROServerBrowser-Server responded
[0100.12] SteamInfo: ROServerBrowser-Server responded
[0100.12] SteamInfo: ROServerBrowser-Server responded
[0100.12] SteamInfo: ROServerBrowser-Server responded
[0100.12] SteamInfo: ROServerBrowser-Server responded
[0100.14] SteamInfo: ROServerBrowser-Server responded
[0100.14] SteamInfo: ROServerBrowser-Server responded
[0100.14] SteamInfo: ROServerBrowser-Server responded
[0100.14] SteamInfo: ROServerBrowser-Server responded
[0100.14] SteamInfo: ROServerBrowser-Server responded
[0100.15] SteamInfo: ROServerBrowser-Server responded
[0100.15] SteamInfo: ROServerBrowser-Server responded
[0100.15] SteamInfo: ROServerBrowser-Server responded
[0100.15] SteamInfo: ROServerBrowser-Server responded
[0100.16] SteamInfo: ROServerBrowser-Server responded
[0100.16] SteamInfo: ROServerBrowser-Server responded
[0100.16] SteamInfo: ROServerBrowser-Server responded
[0100.16] SteamInfo: ROServerBrowser-Server responded
[0100.16] SteamInfo: ROServerBrowser-Server responded
[0100.16] SteamInfo: ROServerBrowser-Server responded
[0100.17] SteamInfo: ROServerBrowser-Server responded
[0100.18] SteamInfo: ROServerBrowser-Server responded
[0100.19] SteamInfo: ROServerBrowser-Server responded
[0100.19] SteamInfo: ROServerBrowser-Server responded
[0100.19] SteamInfo: ROServerBrowser-Server responded
[0100.21] SteamInfo: ROServerBrowser-Server responded
[0100.21] SteamInfo: ROServerBrowser-Server responded
[0100.22] SteamInfo: ROServerBrowser-Server responded
[0100.22] SteamInfo: ROServerBrowser-Server responded
[0100.22] SteamInfo: ROServerBrowser-Server responded
[0100.22] SteamInfo: ROServerBrowser-Server responded
[0100.22] SteamInfo: ROServerBrowser-Server responded
[0100.24] SteamInfo: ROServerBrowser-Server responded
[0100.24] SteamInfo: ROServerBrowser-Server responded
[0100.24] SteamInfo: ROServerBrowser-Server responded
[0100.24] SteamInfo: ROServerBrowser-Server responded
[0100.26] SteamInfo: ROServerBrowser-Server responded
[0100.26] SteamInfo: ROServerBrowser-Server responded
[0100.28] SteamInfo: ROServerBrowser-Server responded
[0100.28] SteamInfo: ROServerBrowser-Server responded
[0100.28] SteamInfo: ROServerBrowser-Server responded
[0100.29] SteamInfo: ROServerBrowser-Server responded
[0100.29] SteamInfo: ROServerBrowser-Server responded
[0100.29] SteamInfo: ROServerBrowser-Server responded
[0100.29] SteamInfo: ROServerBrowser-Server responded
[0100.29] SteamInfo: ROServerBrowser-Server responded
[0100.30] SteamInfo: ROServerBrowser-Server responded
[0100.33] SteamInfo: ROServerBrowser-Server responded
[0100.33] SteamInfo: ROServerBrowser-Server responded
[0100.33] SteamInfo: ROServerBrowser-Server responded
[0100.33] SteamInfo: ROServerBrowser-Server responded
[0100.35] SteamInfo: ROServerBrowser-Server responded
[0100.35] SteamInfo: ROServerBrowser-Server responded
[0100.37] SteamInfo: ROServerBrowser-Server responded
[0100.37] SteamInfo: ROServerBrowser-Server responded
[0100.37] SteamInfo: ROServerBrowser-Server responded
[0100.37] SteamInfo: ROServerBrowser-Server responded
[0100.38] SteamInfo: ROServerBrowser-Server responded
[0100.39] SteamInfo: ROServerBrowser-Server responded
[0100.39] SteamInfo: ROServerBrowser-Server responded
[0100.39] SteamInfo: ROServerBrowser-Server responded
[0100.40] SteamInfo: ROServerBrowser-Server responded
[0100.40] SteamInfo: ROServerBrowser-Server responded
[0100.74] SteamInfo: ROServerBrowser-Server responded
[0100.75] SteamInfo: ROServerBrowser-Server responded
[0100.76] SteamInfo: ROServerBrowser-Server responded
[0100.77] SteamInfo: ROServerBrowser-Server responded
[0100.77] SteamInfo: ROServerBrowser-Server responded
[0100.78] SteamInfo: ROServerBrowser-Server responded
[0100.79] SteamInfo: ROServerBrowser-Server responded
[0100.81] SteamInfo: ROServerBrowser-Server responded
[0100.82] SteamInfo: ROServerBrowser-Server responded
[0100.83] SteamInfo: ROServerBrowser-Server responded
[0100.83] SteamInfo: ROServerBrowser-Server responded
[0100.84] SteamInfo: ROServerBrowser-Server responded
[0100.85] SteamInfo: ROServerBrowser-Server responded
[0100.86] SteamInfo: ROServerBrowser-Server responded
[0100.87] SteamInfo: ROServerBrowser-Server responded
[0100.88] SteamInfo: ROServerBrowser-Server responded
[0100.89] SteamInfo: ROServerBrowser-Server responded
[0100.90] SteamInfo: ROServerBrowser-Server responded
[0100.90] SteamInfo: ROServerBrowser-Server responded
[0100.92] SteamInfo: ROServerBrowser-Server responded
[0100.93] SteamInfo: ROServerBrowser-Server responded
[0100.93] SteamInfo: ROServerBrowser-Server responded
[0100.94] SteamInfo: ROServerBrowser-Server responded
[0100.98] SteamInfo: ROServerBrowser-Server responded
[0101.00] SteamInfo: ROServerBrowser-Server responded
[0101.01] SteamInfo: ROServerBrowser-Server responded
[0101.02] SteamInfo: ROServerBrowser-Server responded
[0101.04] SteamInfo: ROServerBrowser-Server responded
[0101.05] SteamInfo: ROServerBrowser-Server responded
[0101.06] SteamInfo: ROServerBrowser-Server responded
[0101.07] SteamInfo: ROServerBrowser-Server responded
[0101.08] SteamInfo: ROServerBrowser-Server responded
[0101.09] SteamInfo: ROServerBrowser-Server responded
[0101.09] SteamInfo: ROServerBrowser-Server responded
[0101.10] SteamInfo: ROServerBrowser-Server responded
[0101.11] SteamInfo: ROServerBrowser-Server responded
[0101.12] SteamInfo: ROServerBrowser-Server responded
[0101.13] SteamInfo: ROServerBrowser-Server responded
[0101.14] SteamInfo: ROServerBrowser-Server responded
[0101.15] SteamInfo: ROServerBrowser-Server responded
[0101.16] SteamInfo: ROServerBrowser-Server responded
[0101.17] SteamInfo: ROServerBrowser-Server responded
[0101.18] SteamInfo: ROServerBrowser-Server responded
[0101.19] SteamInfo: ROServerBrowser-Server responded
[0101.20] SteamInfo: ROServerBrowser-Server responded
[0101.21] SteamInfo: ROServerBrowser-Server responded
[0101.22] SteamInfo: ROServerBrowser-Server responded
[0101.25] SteamInfo: ROServerBrowser-Server responded
[0101.26] SteamInfo: ROServerBrowser-Server responded
[0101.27] SteamInfo: ROServerBrowser-Server responded
[0101.30] SteamInfo: ROServerBrowser-Server responded
[0101.33] SteamInfo: ROServerBrowser-Server responded
[0101.34] SteamInfo: ROServerBrowser-Server responded
[0101.36] SteamInfo: ROServerBrowser-Server responded
[0101.37] SteamInfo: ROServerBrowser-Server responded
[0101.37] SteamInfo: ROServerBrowser-Server responded
[0101.38] SteamInfo: ROServerBrowser-Server responded
[0101.39] SteamInfo: ROServerBrowser-Server responded
[0101.39] SteamInfo: ROServerBrowser-Server responded
[0101.39] SteamInfo: ROServerBrowser-Server responded
[0101.40] SteamInfo: ROServerBrowser-Server responded
[0101.41] SteamInfo: ROServerBrowser-Server responded
[0101.43] SteamInfo: ROServerBrowser-Server responded
[0101.44] SteamInfo: ROServerBrowser-Server responded
[0101.45] SteamInfo: ROServerBrowser-Server responded
[0101.45] SteamInfo: ROServerBrowser-Server responded
[0101.46] SteamInfo: ROServerBrowser-Server responded
[0101.47] SteamInfo: ROServerBrowser-Server responded
[0101.48] SteamInfo: ROServerBrowser-Server responded
[0101.49] SteamInfo: ROServerBrowser-Server responded
[0101.50] SteamInfo: ROServerBrowser-Server responded
[0101.51] SteamInfo: ROServerBrowser-Server responded
[0101.52] SteamInfo: ROServerBrowser-Server responded
[0101.53] SteamInfo: ROServerBrowser-Server responded
[0101.53] SteamInfo: ROServerBrowser-Server responded
[0101.54] SteamInfo: ROServerBrowser-Server responded
[0101.55] SteamInfo: ROServerBrowser-Server responded
[0101.59] SteamInfo: ROServerBrowser-Server responded
[0101.60] SteamInfo: ROServerBrowser-Server responded
[0101.61] SteamInfo: ROServerBrowser-Server responded
[0101.62] SteamInfo: ROServerBrowser-Server responded
[0101.63] SteamInfo: ROServerBrowser-Server responded
[0101.64] SteamInfo: ROServerBrowser-Server responded
[0101.65] SteamInfo: ROServerBrowser-Server responded
[0101.65] SteamInfo: ROServerBrowser-Server responded
[0101.66] SteamInfo: ROServerBrowser-Server responded
[0101.66] SteamInfo: ROServerBrowser-Server responded
[0101.66] SteamInfo: ROServerBrowser-Server responded
[0101.67] SteamInfo: ROServerBrowser-Server responded
[0101.67] SteamInfo: ROServerBrowser-Server responded
[0101.68] SteamInfo: ROServerBrowser-Server responded
[0101.69] SteamInfo: ROServerBrowser-Server responded
[0101.70] SteamInfo: ROServerBrowser-Server responded
[0101.71] SteamInfo: ROServerBrowser-Server responded
[0101.72] SteamInfo: ROServerBrowser-Server responded
[0101.74] SteamInfo: ROServerBrowser-Server responded
[0101.87] SteamInfo: ROServerBrowser-Server responded
[0101.88] SteamInfo: ROServerBrowser-Server responded
[0101.89] SteamInfo: ROServerBrowser-Server responded
[0101.90] SteamInfo: ROServerBrowser-Server responded
[0101.92] SteamInfo: ROServerBrowser-Server responded
[0101.93] SteamInfo: ROServerBrowser-Server responded
[0101.94] SteamInfo: ROServerBrowser-Server responded
[0101.94] SteamInfo: ROServerBrowser-Server responded
[0101.95] SteamInfo: ROServerBrowser-Server responded
[0101.96] SteamInfo: ROServerBrowser-Server responded
[0101.97] SteamInfo: ROServerBrowser-Server responded
[0101.98] SteamInfo: ROServerBrowser-Server responded
[0101.98] SteamInfo: ROServerBrowser-Server responded
[0101.99] SteamInfo: ROServerBrowser-Server responded
[0101.99] SteamInfo: ROServerBrowser-Server responded
[0102.00] SteamInfo: ROServerBrowser-Server responded
[0102.00] SteamInfo: ROServerBrowser-Server responded
[0102.01] SteamInfo: ROServerBrowser-Server responded
[0102.02] SteamInfo: ROServerBrowser-Server responded
[0102.02] SteamInfo: ROServerBrowser-Server responded
[0102.03] SteamInfo: ROServerBrowser-Server responded
[0102.04] SteamInfo: ROServerBrowser-Server responded
[0102.05] SteamInfo: ROServerBrowser-Server responded
[0102.06] SteamInfo: ROServerBrowser-Server responded
[0102.06] SteamInfo: ROServerBrowser-Server responded
[0102.07] SteamInfo: ROServerBrowser-Server responded
[0102.07] SteamInfo: ROServerBrowser-Server responded
[0102.08] SteamInfo: ROServerBrowser-Server responded
[0102.09] SteamInfo: ROServerBrowser-Server responded
[0102.10] SteamInfo: ROServerBrowser-Server responded
[0102.11] SteamInfo: ROServerBrowser-Server responded
[0102.12] SteamInfo: ROServerBrowser-Server responded
[0102.13] SteamInfo: ROServerBrowser-Server responded
[0102.14] SteamInfo: ROServerBrowser-Server responded
[0102.15] SteamInfo: ROServerBrowser-Server responded
[0102.16] SteamInfo: ROServerBrowser-Server responded
[0102.16] SteamInfo: ROServerBrowser-Server responded
[0102.17] SteamInfo: ROServerBrowser-Server responded
[0102.17] SteamInfo: ROServerBrowser-Server responded
[0102.18] SteamInfo: ROServerBrowser-Server responded
[0102.19] SteamInfo: ROServerBrowser-Server responded
[0102.21] SteamInfo: ROServerBrowser-Server responded
[0102.21] SteamInfo: ROServerBrowser-Server responded
[0102.21] SteamInfo: ROServerBrowser-Server responded
[0102.22] SteamInfo: ROServerBrowser-Server responded
[0102.22] SteamInfo: ROServerBrowser-Server responded
[0102.35] SteamInfo: ROServerBrowser-Server responded
[0102.38] SteamInfo: ROServerBrowser-Server responded
[0102.40] SteamInfo: ROServerBrowser-Server responded
[0102.40] SteamInfo: ROServerBrowser-Server responded
[0102.40] SteamInfo: ROServerBrowser-Server responded
[0102.40] SteamInfo: ROServerBrowser-Server responded
[0102.42] SteamInfo: ROServerBrowser-Server responded
[0102.42] SteamInfo: ROServerBrowser-Server responded
[0102.43] SteamInfo: ROServerBrowser-Server responded
[0102.45] SteamInfo: ROServerBrowser-Server responded
[0102.45] SteamInfo: ROServerBrowser-Server responded
[0102.45] SteamInfo: ROServerBrowser-Server responded
[0102.45] SteamInfo: ROServerBrowser-Server responded
[0102.45] SteamInfo: ROServerBrowser-Server responded
[0102.45] SteamInfo: ROServerBrowser-Server responded
[0102.46] SteamInfo: ROServerBrowser-Server responded
[0102.47] SteamInfo: ROServerBrowser-Server responded
[0102.48] SteamInfo: ROServerBrowser-Server responded
[0102.49] SteamInfo: ROServerBrowser-Server responded
[0102.50] SteamInfo: ROServerBrowser-Server responded
[0102.52] SteamInfo: ROServerBrowser-Server responded
[0102.53] SteamInfo: ROServerBrowser-Server responded
[0102.54] SteamInfo: ROServerBrowser-Server responded
[0102.54] SteamInfo: ROServerBrowser-Server responded
[0102.55] SteamInfo: ROServerBrowser-Server responded
[0102.56] SteamInfo: ROServerBrowser-Server responded
[0102.57] SteamInfo: ROServerBrowser-Server responded
[0102.58] SteamInfo: ROServerBrowser-Server responded
[0102.60] SteamInfo: ROServerBrowser-Server responded
[0102.61] SteamInfo: ROServerBrowser-Server responded
[0102.62] SteamInfo: ROServerBrowser-Server responded
[0102.62] SteamInfo: ROServerBrowser-Server responded
[0102.63] SteamInfo: ROServerBrowser-Server responded
[0102.64] SteamInfo: ROServerBrowser-Server responded
[0102.65] SteamInfo: ROServerBrowser-Server responded
[0102.66] SteamInfo: ROServerBrowser-Server responded
[0102.66] SteamInfo: ROServerBrowser-Server responded
[0102.67] SteamInfo: ROServerBrowser-Server responded
[0102.68] SteamInfo: ROServerBrowser-Server responded
[0102.69] SteamInfo: ROServerBrowser-Server responded
[0102.71] SteamInfo: ROServerBrowser-Server responded
[0102.71] SteamInfo: ROServerBrowser-Server responded
[0102.72] SteamInfo: ROServerBrowser-Server responded
[0102.73] SteamInfo: ROServerBrowser-Server responded
[0102.74] SteamInfo: ROServerBrowser-Server failed to respond ip- -1059120547
[0102.75] SteamInfo: ROServerBrowser-Server responded
[0102.77] SteamInfo: ROServerBrowser-Server responded
[0102.87] SteamInfo: ROServerBrowser-Server responded
[0103.80] SteamInfo: ROServerBrowser-Server failed to respond ip- 1607719281
[0103.85] SteamInfo: ROServerBrowser-Server failed to respond ip- 1359010229
[0104.27] SteamInfo: ROServerBrowser-Server failed to respond ip- 1504966554
[0110.82] DevMemory: Virtual  memory allocation size: 211.29 MByte (221548544 Bytes)
[0120.40] Warning: Attempting to attach NULL component to ROSkeletalMeshComponent_28, socket Exhaust
[0140.95] Warning: ParticleSystemComponent_45 (template: FX_WEP_Gun_Two.ShellEjects.FX_Wep_A_ShellEject_PhysX_Ger_7_92x57_Single) needs update but can't be because it's in TG_DuringAsnycWork and indirectly attached!
[0152.06] Warning: ParticleSystemComponent_58 (template: FX_WEP_Gun_Two.ShellEjects.FX_Wep_A_ShellEject_PhysX_Sov_7_62_54R_Single) needs update but can't be because it's in TG_DuringAsnycWork and indirectly attached!
[0162.49] Warning: Attempting to attach NULL component to ROSkeletalMeshComponent_336, socket Exhaust
[0203.13] Exit: Preparing to exit.
[0203.94] Exit: Game engine shut down
[0203.97] NetComeGo: Close TcpNetDriver_1 TcpipConnection_1 64.74.97.140:7777 11/28/16 21:58:29
[0203.97] Exit: TcpNetDriver_1 shut down
[0204.32] Exit: Windows client shut down
[0204.32] Exit: XAudio2 Device shut down.
[0204.57] Exit: Object subsystem successfully closed.
[0204.62] DevDataBase: Spent 0.000102 seconds communicating with "Provider=sqloledb;Data Source=production-db;Initial Catalog=EngineTaskPerf;Trusted_Connection=Yes;Connection Timeout=2" or "10.1.20.20"
[0204.62] Exit: Exiting.
