Log: Log file open, 11/28/16 22:00:34
Init: Memory Profiling : Disabled
Init: WinSock: version 1.1 (2.2), MaxSocks=128, MaxUdp=1024
Log:  ... running in INSTALLED mode
Init: Version: 7258
Init: Epic Internal: 0
Init: Compiled (32-bit): Oct 14 2015 15:31:40
Init: Changelist: 641002
Init: Command line: -csmt activated
Init: Base directory: C:\Program Files\Steam\steamapps\common\Red Orchestra 2\Binaries\Win32\
[0000.10] Init: Computer: pc
[0000.10] Init: User: cory
[0000.10] Init: CPU Page size=4096, Processors=4
[0000.10] Init: High frequency timer resolution =10.000000 MHz
[0000.10] Init: Memory total: Physical=7.7GB Pagefile=8.7GB Virtual=4.0GB
[0000.22] Log: STEAMWORKS initialized 1
[0000.25] Init: WinSock: I am pc (146.229.241.49:0)
[0000.25] Init: Presizing for 0 objects not considered by GC, pre-allocating 0 bytes.
[0000.25] Init: Object subsystem initialized
[0000.27] DevDataBase: Connection to "Provider=sqloledb;Data Source=production-db;Initial Catalog=EngineTaskPerf;Trusted_Connection=Yes;Connection Timeout=2" or "10.1.20.20" failed
[0010.95] Warning: Warning, Failed to load 'Texture2D EngineMaterials.RandomMirrorDisc': Failed to find object 'Texture2D EngineMaterials.RandomMirrorDisc'
[0012.60] DevMemory: Virtual  memory allocation size: 210.92 MByte (221163520 Bytes)
[0050.60] SteamInfo: ROServerBrowser-Server responded
[0050.60] SteamInfo: ROServerBrowser-Server responded
[0050.62] SteamInfo: ROServerBrowser-Server responded
[0050.63] SteamInfo: ROServerBrowser-Server responded
[0050.63] SteamInfo: ROServerBrowser-Server responded
[0050.64] SteamInfo: ROServerBrowser-Server responded
[0050.65] SteamInfo: ROServerBrowser-Server responded
[0050.67] SteamInfo: ROServerBrowser-Server responded
[0050.68] SteamInfo: ROServerBrowser-Server responded
[0050.68] SteamInfo: ROServerBrowser-Server responded
[0050.69] SteamInfo: ROServerBrowser-Server responded
[0050.70] SteamInfo: ROServerBrowser-Server responded
[0050.71] SteamInfo: ROServerBrowser-Server responded
[0050.71] SteamInfo: ROServerBrowser-Server responded
[0050.72] SteamInfo: ROServerBrowser-Server responded
[0050.73] SteamInfo: ROServerBrowser-Server responded
[0050.74] SteamInfo: ROServerBrowser-Server responded
[0050.74] SteamInfo: ROServerBrowser-Server responded
[0050.75] SteamInfo: ROServerBrowser-Server responded
[0050.76] SteamInfo: ROServerBrowser-Server responded
[0050.77] SteamInfo: ROServerBrowser-Server responded
[0050.77] SteamInfo: ROServerBrowser-Server responded
[0050.78] SteamInfo: ROServerBrowser-Server responded
[0050.79] SteamInfo: ROServerBrowser-Server responded
[0050.81] SteamInfo: ROServerBrowser-Server responded
[0050.81] SteamInfo: ROServerBrowser-Server responded
[0050.82] SteamInfo: ROServerBrowser-Server responded
[0050.83] SteamInfo: ROServerBrowser-Server responded
[0050.84] SteamInfo: ROServerBrowser-Server responded
[0050.84] SteamInfo: ROServerBrowser-Server responded
[0050.85] SteamInfo: ROServerBrowser-Server responded
[0050.86] SteamInfo: ROServerBrowser-Server responded
[0050.86] SteamInfo: ROServerBrowser-Server responded
[0050.88] SteamInfo: ROServerBrowser-Server responded
[0050.92] SteamInfo: ROServerBrowser-Server responded
[0050.93] SteamInfo: ROServerBrowser-Server responded
[0050.94] SteamInfo: ROServerBrowser-Server responded
[0050.96] SteamInfo: ROServerBrowser-Server responded
[0050.97] SteamInfo: ROServerBrowser-Server responded
[0050.98] SteamInfo: ROServerBrowser-Server responded
[0050.99] SteamInfo: ROServerBrowser-Server responded
[0050.99] SteamInfo: ROServerBrowser-Server responded
[0051.00] SteamInfo: ROServerBrowser-Server responded
[0051.01] SteamInfo: ROServerBrowser-Server responded
[0051.01] SteamInfo: ROServerBrowser-Server responded
[0051.02] SteamInfo: ROServerBrowser-Server responded
[0051.04] SteamInfo: ROServerBrowser-Server responded
[0051.05] SteamInfo: ROServerBrowser-Server responded
[0051.05] SteamInfo: ROServerBrowser-Server responded
[0051.06] SteamInfo: ROServerBrowser-Server responded
[0051.07] SteamInfo: ROServerBrowser-Server responded
[0051.07] SteamInfo: ROServerBrowser-Server responded
[0051.08] SteamInfo: ROServerBrowser-Server responded
[0051.09] SteamInfo: ROServerBrowser-Server responded
[0051.09] SteamInfo: ROServerBrowser-Server responded
[0051.10] SteamInfo: ROServerBrowser-Server responded
[0051.10] SteamInfo: ROServerBrowser-Server responded
[0051.11] SteamInfo: ROServerBrowser-Server responded
[0051.12] SteamInfo: ROServerBrowser-Server responded
[0051.12] SteamInfo: ROServerBrowser-Server responded
[0051.13] SteamInfo: ROServerBrowser-Server responded
[0051.14] SteamInfo: ROServerBrowser-Server responded
[0051.15] SteamInfo: ROServerBrowser-Server responded
[0051.15] SteamInfo: ROServerBrowser-Server responded
[0051.16] SteamInfo: ROServerBrowser-Server responded
[0051.17] SteamInfo: ROServerBrowser-Server responded
[0051.18] SteamInfo: ROServerBrowser-Server responded
[0051.18] SteamInfo: ROServerBrowser-Server responded
[0051.19] SteamInfo: ROServerBrowser-Server responded
[0051.19] SteamInfo: ROServerBrowser-Server responded
[0051.20] SteamInfo: ROServerBrowser-Server responded
[0051.30] SteamInfo: ROServerBrowser-Server responded
[0051.33] SteamInfo: ROServerBrowser-Server responded
[0051.36] SteamInfo: ROServerBrowser-Server responded
[0051.37] SteamInfo: ROServerBrowser-Server responded
[0051.37] SteamInfo: ROServerBrowser-Server responded
[0051.38] SteamInfo: ROServerBrowser-Server responded
[0051.39] SteamInfo: ROServerBrowser-Server responded
[0051.40] SteamInfo: ROServerBrowser-Server responded
[0051.40] SteamInfo: ROServerBrowser-Server responded
[0051.42] SteamInfo: ROServerBrowser-Server responded
[0051.43] SteamInfo: ROServerBrowser-Server responded
[0051.43] SteamInfo: ROServerBrowser-Server responded
[0051.44] SteamInfo: ROServerBrowser-Server responded
[0051.44] SteamInfo: ROServerBrowser-Server responded
[0051.45] SteamInfo: ROServerBrowser-Server responded
[0051.45] SteamInfo: ROServerBrowser-Server responded
[0051.46] SteamInfo: ROServerBrowser-Server responded
[0051.46] SteamInfo: ROServerBrowser-Server responded
[0051.47] SteamInfo: ROServerBrowser-Server responded
[0051.48] SteamInfo: ROServerBrowser-Server responded
[0051.48] SteamInfo: ROServerBrowser-Server responded
[0051.49] SteamInfo: ROServerBrowser-Server responded
[0051.49] SteamInfo: ROServerBrowser-Server responded
[0051.50] SteamInfo: ROServerBrowser-Server responded
[0051.51] SteamInfo: ROServerBrowser-Server responded
[0051.52] SteamInfo: ROServerBrowser-Server responded
[0051.52] SteamInfo: ROServerBrowser-Server responded
[0051.53] SteamInfo: ROServerBrowser-Server responded
[0051.54] SteamInfo: ROServerBrowser-Server responded
[0051.55] SteamInfo: ROServerBrowser-Server responded
[0051.55] SteamInfo: ROServerBrowser-Server responded
[0051.56] SteamInfo: ROServerBrowser-Server responded
[0051.57] SteamInfo: ROServerBrowser-Server responded
[0051.58] SteamInfo: ROServerBrowser-Server responded
[0051.58] SteamInfo: ROServerBrowser-Server responded
[0051.59] SteamInfo: ROServerBrowser-Server responded
[0051.60] SteamInfo: ROServerBrowser-Server responded
[0051.78] SteamInfo: ROServerBrowser-Server responded
[0053.35] Warning: InsertScene: Duplicate scene tag (ROUIScene_ConnectingAndDownloading) detected: NewScene 'ROUISceneConnecting ROGameMenus.MainMenu.ROUIScene_ConnectingAndDownloading' ExistingScene 'ROUISceneConnecting Transient.ROUIScene_ConnectingAndDownloading_0'
[0054.46] DevMemory: Virtual  memory allocation size: 211.85 MByte (222138368 Bytes)
[0066.42] Warning: Attempting to attach NULL component to ROSkeletalMeshComponent_29, socket Exhaust
[0073.49] Warning: Attempting to attach NULL component to ROSkeletalMeshComponent_85, socket Exhaust
[0073.50] Warning: GetSocketWorldLocationAndRotation : Could not find socket 'Sound_Tread_L' in 'Ger_PZIV_Body_Destroyed_Master'
[0115.76] Warning: Attempting to attach NULL component to ROSkeletalMeshComponent_222, socket Exhaust
[0166.38] Warning: ParticleSystemComponent_92 (template: FX_WEP_Gun_Two.ShellEjects.FX_Wep_A_ShellEject_PhysX_Sov_7_62_54R_Single) needs update but can't be because it's in TG_DuringAsnycWork and indirectly attached!
[0168.86] Warning: ParticleSystemComponent_98 (template: FX_WEP_Gun_Two.ShellEjects.FX_Wep_A_ShellEject_PhysX_Ger_Kar98) needs update but can't be because it's in TG_DuringAsnycWork and indirectly attached!
[0174.69] Exit: Preparing to exit.
[0175.44] NetComeGo: Close TcpNetDriver_0 TcpipConnection_0 109.70.149.165:7777 11/28/16 22:03:29
[0175.68] Exit: Game engine shut down
[0175.94] Exit: TcpNetDriver_0 shut down
[0176.11] Exit: Windows client shut down
[0176.12] Exit: XAudio2 Device shut down.
[0176.65] Exit: Object subsystem successfully closed.
[0176.72] DevDataBase: Spent 0.000036 seconds communicating with "Provider=sqloledb;Data Source=production-db;Initial Catalog=EngineTaskPerf;Trusted_Connection=Yes;Connection Timeout=2" or "10.1.20.20"
[0176.72] Exit: Exiting.
