Log: Log file open, 11/28/16 20:30:45
Init: Memory Profiling : Disabled
Init: WinSock: version 1.1 (2.2), MaxSocks=128, MaxUdp=1024
Log:  ... running in INSTALLED mode
Init: Version: 7258
Init: Epic Internal: 0
Init: Compiled (32-bit): Oct 14 2015 15:31:40
Init: Changelist: 641002
Init: Command line: 
Init: Base directory: C:\Program Files\Steam\steamapps\common\Red Orchestra 2\Binaries\Win32\
[0000.08] Init: Computer: pc
[0000.08] Init: User: cory
[0000.08] Init: CPU Page size=4096, Processors=4
[0000.08] Init: High frequency timer resolution =10.000000 MHz
[0000.08] Init: Memory total: Physical=7.7GB Pagefile=8.7GB Virtual=4.0GB
[0003.45] Log: STEAMWORKS initialized 1
[0003.47] Init: WinSock: I am pc (146.229.242.192:0)
[0003.47] Init: Presizing for 0 objects not considered by GC, pre-allocating 0 bytes.
[0003.47] Init: Object subsystem initialized
[0003.50] DevDataBase: Connection to "Provider=sqloledb;Data Source=production-db;Initial Catalog=EngineTaskPerf;Trusted_Connection=Yes;Connection Timeout=2" or "10.1.20.20" failed
[0014.03] Warning: Warning, Failed to load 'Texture2D EngineMaterials.RandomMirrorDisc': Failed to find object 'Texture2D EngineMaterials.RandomMirrorDisc'
[0015.94] DevMemory: Virtual  memory allocation size: 210.88 MByte (221118464 Bytes)
[0055.24] Exit: Preparing to exit.
[0055.88] Exit: Game engine shut down
[0055.94] Exit: Windows client shut down
[0055.95] Exit: XAudio2 Device shut down.
[0056.03] Exit: Object subsystem successfully closed.
[0056.16] DevDataBase: Spent 0.000032 seconds communicating with "Provider=sqloledb;Data Source=production-db;Initial Catalog=EngineTaskPerf;Trusted_Connection=Yes;Connection Timeout=2" or "10.1.20.20"
[0056.16] Exit: Exiting.
