Log: Log file open, 11/28/16 21:58:59
Init: Memory Profiling : Disabled
Init: WinSock: version 1.1 (2.2), MaxSocks=128, MaxUdp=1024
Log:  ... running in INSTALLED mode
Init: Version: 7258
Init: Epic Internal: 0
Init: Compiled (32-bit): Oct 14 2015 15:31:40
Init: Changelist: 641002
Init: Command line: -csmt activated
Init: Base directory: C:\Program Files\Steam\steamapps\common\Red Orchestra 2\Binaries\Win32\
[0000.09] Init: Computer: pc
[0000.09] Init: User: cory
[0000.09] Init: CPU Page size=4096, Processors=4
[0000.09] Init: High frequency timer resolution =10.000000 MHz
[0000.09] Init: Memory total: Physical=7.7GB Pagefile=8.7GB Virtual=4.0GB
[0000.25] Log: STEAMWORKS initialized 1
[0000.27] Init: WinSock: I am pc (146.229.241.49:0)
[0000.27] Init: Presizing for 0 objects not considered by GC, pre-allocating 0 bytes.
[0000.27] Init: Object subsystem initialized
[0000.29] DevDataBase: Connection to "Provider=sqloledb;Data Source=production-db;Initial Catalog=EngineTaskPerf;Trusted_Connection=Yes;Connection Timeout=2" or "10.1.20.20" failed
[0010.96] Warning: Warning, Failed to load 'Texture2D EngineMaterials.RandomMirrorDisc': Failed to find object 'Texture2D EngineMaterials.RandomMirrorDisc'
[0012.70] DevMemory: Virtual  memory allocation size: 210.98 MByte (221224960 Bytes)
[0056.78] Exit: Preparing to exit.
[0057.42] Exit: Game engine shut down
[0057.48] Exit: Windows client shut down
[0057.48] Exit: XAudio2 Device shut down.
[0057.59] Exit: Object subsystem successfully closed.
[0057.64] DevDataBase: Spent 0.000041 seconds communicating with "Provider=sqloledb;Data Source=production-db;Initial Catalog=EngineTaskPerf;Trusted_Connection=Yes;Connection Timeout=2" or "10.1.20.20"
[0057.64] Exit: Exiting.
