VirtualBox XPCOM Server 5.1.2_OSE r108956 linux.amd64 (Aug 15 2016 10:42:41) release log
00:00:00.000109 main     Log opened 2016-08-19T04:20:58.605127000Z
00:00:00.000110 main     Build Type: release
00:00:00.000113 main     OS Product: Linux
00:00:00.000113 main     OS Release: 4.7.0-1-ARCH
00:00:00.000114 main     OS Version: #1 SMP PREEMPT Mon Aug 8 22:05:58 CEST 2016
00:00:00.000128 main     DMI Product Name: To Be Filled By O.E.M.
00:00:00.000132 main     DMI Product Version: To Be Filled By O.E.M.
00:00:00.000156 main     Host RAM: 7916MB total, 2432MB available
00:00:00.000158 main     Executable: /usr/lib/virtualbox/VBoxSVC
00:00:00.000159 main     Process ID: 24224
00:00:00.000159 main     Package type: LINUX_64BITS_GENERIC (OSE)
00:00:00.001103 main     IPC socket path: /tmp/.vbox-cory-ipc/ipcd
00:00:00.103297 nspr-2   VirtualBox: object creation starts
00:00:00.103366 nspr-2   Home directory: '/home/cory/.config/VirtualBox'
00:00:00.103492 nspr-2   Loading settings file "/home/cory/.config/VirtualBox/VirtualBox.xml" with version "1.12-linux"
00:00:00.106618 nspr-2   NAT: resolv.conf: nameserver 146.229.1.200
00:00:00.106630 nspr-2   NAT: resolv.conf: nameserver 146.229.56.2
00:00:00.106632 nspr-2   NAT: resolv.conf: nameserver 10.1.104.1
00:00:00.106637 nspr-2   HostDnsMonitor: old information
00:00:00.106639 nspr-2     no server entries
00:00:00.106640 nspr-2     no domain set
00:00:00.106642 nspr-2     no search string entries
00:00:00.106643 nspr-2   HostDnsMonitor: new information
00:00:00.106644 nspr-2     server 1: 146.229.1.200
00:00:00.106646 nspr-2     server 2: 146.229.56.2
00:00:00.106647 nspr-2     server 3: 10.1.104.1
00:00:00.106648 nspr-2     no domain set
00:00:00.106649 nspr-2     no search string entries
00:00:00.106653 nspr-2   HostDnsMonitorProxy::notify
00:00:00.107910 nspr-2   Failed to open "/dev/vboxdrvu", errno=2, rc=VERR_VM_DRIVER_NOT_INSTALLED
00:00:00.108742 nspr-2   VD: VDInit finished
00:00:00.108786 nspr-2   ERROR [COM]: aRC=NS_ERROR_FAILURE (0x80004005) aIID={0eb668d2-495e-5a36-8890-29999b5f030c} aComponent={SystemPropertiesWrap} aText={Cannot determine default Guest Additions ISO location. Most likely they are not available}, preserve=false aResultDetail=0
00:00:00.110952 nspr-2   Loading settings file "/home/cory/VirtualBox VMs/DE_tester/DE_tester.vbox" with version "1.16-linux"
00:00:00.111250 nspr-2   VirtualBox: object created
00:00:00.245817 nspr-4   WARNING [COM]: aRC=NS_ERROR_FAILURE (0x80004005) aIID={afca788c-4477-787d-60b2-3fa70e56fbbc} aComponent={HostWrap} aText={VirtualBox is not currently allowed to access USB devices.  You can change this by adding your user to the 'vboxusers' group.  Please see the user manual for a more detailed explanation}, preserve=true  aResultDetail=0
00:00:00.322186 nspr-4   Failed to open "/dev/vboxdrvu", errno=2, rc=VERR_VM_DRIVER_NOT_INSTALLED
00:00:00.438917 nspr-4   WARNING [COM]: aRC=NS_ERROR_FAILURE (0x80004005) aIID={afca788c-4477-787d-60b2-3fa70e56fbbc} aComponent={HostWrap} aText={VirtualBox is not currently allowed to access USB devices.  You can change this by adding your user to the 'vboxusers' group.  Please see the user manual for a more detailed explanation}, preserve=true  aResultDetail=0
00:00:00.439418 nspr-4   WARNING [COM]: aRC=NS_ERROR_FAILURE (0x80004005) aIID={afca788c-4477-787d-60b2-3fa70e56fbbc} aComponent={HostWrap} aText={VirtualBox is not currently allowed to access USB devices.  You can change this by adding your user to the 'vboxusers' group.  Please see the user manual for a more detailed explanation}, preserve=true  aResultDetail=0
00:00:00.439838 nspr-4   WARNING [COM]: aRC=NS_ERROR_FAILURE (0x80004005) aIID={afca788c-4477-787d-60b2-3fa70e56fbbc} aComponent={HostWrap} aText={VirtualBox is not currently allowed to access USB devices.  You can change this by adding your user to the 'vboxusers' group.  Please see the user manual for a more detailed explanation}, preserve=true  aResultDetail=0
00:00:16.633171 main     VirtualBox: object deletion starts
00:00:16.633203 main     ERROR [COM]: aRC=VBOX_E_OBJECT_IN_USE (0x80bb000c) aIID={4afe423b-43e0-e9d0-82e8-ceb307940dda} aComponent={MediumWrap} aText={Medium '/home/cory/VirtualBox VMs/DE_tester/DE_tester.vdi' cannot be closed because it is still attached to 1 virtual machines}, preserve=false aResultDetail=0
00:00:17.113900 Watcher  ERROR [COM]: aRC=E_ACCESSDENIED (0x80070005) aIID={0169423f-46b4-cde9-91af-1e9d5b6cd945} aComponent={VirtualBoxWrap} aText={The object is not ready}, preserve=false aResultDetail=0
00:00:21.633524 main     {00007ffb6c0107f0} HostPowerServiceLinux::~HostPowerServiceLinux: RTThreadWait() for 5000 ms failed with VERR_TIMEOUT
00:00:21.633770 main     VirtualBox: object deleted
